{"C:\\Projetos\\unifor\\cloud-order\\server\\src\\modules\\application\\service\\customer.service.js": {"path":"C:\\Projetos\\unifor\\cloud-order\\server\\src\\modules\\application\\service\\customer.service.js","statementMap":{"0":{"start":{"line":8,"column":4},"end":{"line":8,"column":null}},"1":{"start":{"line":9,"column":4},"end":{"line":9,"column":null}},"2":{"start":{"line":13,"column":35},"end":{"line":13,"column":48}},"3":{"start":{"line":14,"column":28},"end":{"line":14,"column":55}},"4":{"start":{"line":15,"column":36},"end":{"line":15,"column":94}},"5":{"start":{"line":16,"column":4},"end":{"line":18,"column":null}},"6":{"start":{"line":17,"column":6},"end":{"line":17,"column":null}},"7":{"start":{"line":19,"column":15},"end":{"line":19,"column":44}},"8":{"start":{"line":20,"column":21},"end":{"line":20,"column":81}},"9":{"start":{"line":21,"column":26},"end":{"line":21,"column":78}},"10":{"start":{"line":22,"column":4},"end":{"line":22,"column":null}},"11":{"start":{"line":26,"column":21},"end":{"line":26,"column":72}},"12":{"start":{"line":27,"column":4},"end":{"line":27,"column":null}},"13":{"start":{"line":31,"column":28},"end":{"line":31,"column":55}},"14":{"start":{"line":32,"column":21},"end":{"line":32,"column":79}},"15":{"start":{"line":33,"column":4},"end":{"line":33,"column":null}},"16":{"start":{"line":37,"column":21},"end":{"line":37,"column":72}},"17":{"start":{"line":38,"column":4},"end":{"line":40,"column":null}},"18":{"start":{"line":39,"column":6},"end":{"line":39,"column":null}},"19":{"start":{"line":41,"column":26},"end":{"line":41,"column":51}},"20":{"start":{"line":42,"column":35},"end":{"line":42,"column":46}},"21":{"start":{"line":44,"column":4},"end":{"line":53,"column":null}},"22":{"start":{"line":45,"column":30},"end":{"line":45,"column":57}},"23":{"start":{"line":46,"column":6},"end":{"line":52,"column":null}},"24":{"start":{"line":47,"column":40},"end":{"line":47,"column":98}},"25":{"start":{"line":48,"column":8},"end":{"line":50,"column":null}},"26":{"start":{"line":49,"column":10},"end":{"line":49,"column":null}},"27":{"start":{"line":51,"column":8},"end":{"line":51,"column":null}},"28":{"start":{"line":54,"column":4},"end":{"line":54,"column":null}},"29":{"start":{"line":54,"column":14},"end":{"line":54,"column":null}},"30":{"start":{"line":55,"column":4},"end":{"line":55,"column":null}},"31":{"start":{"line":55,"column":15},"end":{"line":55,"column":null}},"32":{"start":{"line":57,"column":28},"end":{"line":57,"column":89}},"33":{"start":{"line":58,"column":4},"end":{"line":58,"column":null}},"34":{"start":{"line":62,"column":21},"end":{"line":62,"column":72}},"35":{"start":{"line":63,"column":4},"end":{"line":65,"column":null}},"36":{"start":{"line":64,"column":6},"end":{"line":64,"column":null}},"37":{"start":{"line":66,"column":4},"end":{"line":66,"column":null}},"38":{"start":{"line":70,"column":22},"end":{"line":70,"column":61}},"39":{"start":{"line":71,"column":4},"end":{"line":71,"column":null}},"40":{"start":{"line":75,"column":21},"end":{"line":75,"column":72}},"41":{"start":{"line":76,"column":4},"end":{"line":78,"column":null}},"42":{"start":{"line":77,"column":6},"end":{"line":77,"column":null}},"43":{"start":{"line":80,"column":22},"end":{"line":80,"column":51}},"44":{"start":{"line":81,"column":20},"end":{"line":85,"column":6}},"45":{"start":{"line":87,"column":4},"end":{"line":87,"column":null}},"46":{"start":{"line":91,"column":21},"end":{"line":91,"column":72}},"47":{"start":{"line":92,"column":4},"end":{"line":94,"column":null}},"48":{"start":{"line":93,"column":6},"end":{"line":93,"column":null}},"49":{"start":{"line":96,"column":28},"end":{"line":96,"column":98}},"50":{"start":{"line":97,"column":4},"end":{"line":99,"column":null}},"51":{"start":{"line":98,"column":6},"end":{"line":98,"column":null}},"52":{"start":{"line":101,"column":27},"end":{"line":112,"column":6}},"53":{"start":{"line":114,"column":4},"end":{"line":114,"column":null}},"54":{"start":{"line":118,"column":21},"end":{"line":118,"column":72}},"55":{"start":{"line":119,"column":4},"end":{"line":121,"column":null}},"56":{"start":{"line":120,"column":6},"end":{"line":120,"column":null}},"57":{"start":{"line":123,"column":28},"end":{"line":123,"column":98}},"58":{"start":{"line":124,"column":4},"end":{"line":126,"column":null}},"59":{"start":{"line":125,"column":6},"end":{"line":125,"column":null}},"60":{"start":{"line":128,"column":4},"end":{"line":128,"column":null}}},"fnMap":{"0":{"name":"(anonymous_0)","decl":{"start":{"line":7,"column":2},"end":{"line":7,"column":13}},"loc":{"start":{"line":7,"column":49},"end":{"line":10,"column":null}},"line":7},"1":{"name":"(anonymous_1)","decl":{"start":{"line":12,"column":8},"end":{"line":12,"column":22}},"loc":{"start":{"line":12,"column":38},"end":{"line":23,"column":null}},"line":12},"2":{"name":"(anonymous_2)","decl":{"start":{"line":25,"column":8},"end":{"line":25,"column":23}},"loc":{"start":{"line":25,"column":37},"end":{"line":28,"column":null}},"line":25},"3":{"name":"(anonymous_3)","decl":{"start":{"line":30,"column":8},"end":{"line":30,"column":26}},"loc":{"start":{"line":30,"column":34},"end":{"line":34,"column":null}},"line":30},"4":{"name":"(anonymous_4)","decl":{"start":{"line":36,"column":8},"end":{"line":36,"column":22}},"loc":{"start":{"line":36,"column":49},"end":{"line":59,"column":null}},"line":36},"5":{"name":"(anonymous_5)","decl":{"start":{"line":61,"column":8},"end":{"line":61,"column":22}},"loc":{"start":{"line":61,"column":36},"end":{"line":67,"column":null}},"line":61},"6":{"name":"(anonymous_6)","decl":{"start":{"line":69,"column":8},"end":{"line":69,"column":21}},"loc":{"start":{"line":69,"column":24},"end":{"line":72,"column":null}},"line":69},"7":{"name":"(anonymous_7)","decl":{"start":{"line":74,"column":8},"end":{"line":74,"column":21}},"loc":{"start":{"line":74,"column":49},"end":{"line":88,"column":null}},"line":74},"8":{"name":"(anonymous_8)","decl":{"start":{"line":90,"column":8},"end":{"line":90,"column":21}},"loc":{"start":{"line":90,"column":60},"end":{"line":115,"column":null}},"line":90},"9":{"name":"(anonymous_9)","decl":{"start":{"line":117,"column":8},"end":{"line":117,"column":21}},"loc":{"start":{"line":117,"column":47},"end":{"line":129,"column":null}},"line":117}},"branchMap":{"0":{"loc":{"start":{"line":16,"column":4},"end":{"line":18,"column":null}},"type":"if","locations":[{"start":{"line":16,"column":4},"end":{"line":18,"column":null}},{"start":{},"end":{}}],"line":16},"1":{"loc":{"start":{"line":38,"column":4},"end":{"line":40,"column":null}},"type":"if","locations":[{"start":{"line":38,"column":4},"end":{"line":40,"column":null}},{"start":{},"end":{}}],"line":38},"2":{"loc":{"start":{"line":44,"column":4},"end":{"line":53,"column":null}},"type":"if","locations":[{"start":{"line":44,"column":4},"end":{"line":53,"column":null}},{"start":{},"end":{}}],"line":44},"3":{"loc":{"start":{"line":46,"column":6},"end":{"line":52,"column":null}},"type":"if","locations":[{"start":{"line":46,"column":6},"end":{"line":52,"column":null}},{"start":{},"end":{}}],"line":46},"4":{"loc":{"start":{"line":48,"column":8},"end":{"line":50,"column":null}},"type":"if","locations":[{"start":{"line":48,"column":8},"end":{"line":50,"column":null}},{"start":{},"end":{}}],"line":48},"5":{"loc":{"start":{"line":48,"column":12},"end":{"line":48,"column":81}},"type":"binary-expr","locations":[{"start":{"line":48,"column":12},"end":{"line":48,"column":35}},{"start":{"line":48,"column":39},"end":{"line":48,"column":81}}],"line":48},"6":{"loc":{"start":{"line":54,"column":4},"end":{"line":54,"column":null}},"type":"if","locations":[{"start":{"line":54,"column":4},"end":{"line":54,"column":null}},{"start":{},"end":{}}],"line":54},"7":{"loc":{"start":{"line":55,"column":4},"end":{"line":55,"column":null}},"type":"if","locations":[{"start":{"line":55,"column":4},"end":{"line":55,"column":null}},{"start":{},"end":{}}],"line":55},"8":{"loc":{"start":{"line":63,"column":4},"end":{"line":65,"column":null}},"type":"if","locations":[{"start":{"line":63,"column":4},"end":{"line":65,"column":null}},{"start":{},"end":{}}],"line":63},"9":{"loc":{"start":{"line":76,"column":4},"end":{"line":78,"column":null}},"type":"if","locations":[{"start":{"line":76,"column":4},"end":{"line":78,"column":null}},{"start":{},"end":{}}],"line":76},"10":{"loc":{"start":{"line":92,"column":4},"end":{"line":94,"column":null}},"type":"if","locations":[{"start":{"line":92,"column":4},"end":{"line":94,"column":null}},{"start":{},"end":{}}],"line":92},"11":{"loc":{"start":{"line":97,"column":4},"end":{"line":99,"column":null}},"type":"if","locations":[{"start":{"line":97,"column":4},"end":{"line":99,"column":null}},{"start":{},"end":{}}],"line":97},"12":{"loc":{"start":{"line":104,"column":14},"end":{"line":104,"column":58}},"type":"binary-expr","locations":[{"start":{"line":104,"column":14},"end":{"line":104,"column":32}},{"start":{"line":104,"column":36},"end":{"line":104,"column":58}}],"line":104},"13":{"loc":{"start":{"line":105,"column":20},"end":{"line":105,"column":76}},"type":"binary-expr","locations":[{"start":{"line":105,"column":20},"end":{"line":105,"column":44}},{"start":{"line":105,"column":48},"end":{"line":105,"column":76}}],"line":105},"14":{"loc":{"start":{"line":106,"column":12},"end":{"line":106,"column":52}},"type":"binary-expr","locations":[{"start":{"line":106,"column":12},"end":{"line":106,"column":28}},{"start":{"line":106,"column":32},"end":{"line":106,"column":52}}],"line":106},"15":{"loc":{"start":{"line":107,"column":13},"end":{"line":107,"column":55}},"type":"binary-expr","locations":[{"start":{"line":107,"column":13},"end":{"line":107,"column":30}},{"start":{"line":107,"column":34},"end":{"line":107,"column":55}}],"line":107},"16":{"loc":{"start":{"line":108,"column":18},"end":{"line":108,"column":70}},"type":"binary-expr","locations":[{"start":{"line":108,"column":18},"end":{"line":108,"column":40}},{"start":{"line":108,"column":44},"end":{"line":108,"column":70}}],"line":108},"17":{"loc":{"start":{"line":109,"column":15},"end":{"line":109,"column":61}},"type":"binary-expr","locations":[{"start":{"line":109,"column":15},"end":{"line":109,"column":34}},{"start":{"line":109,"column":38},"end":{"line":109,"column":61}}],"line":109},"18":{"loc":{"start":{"line":110,"column":18},"end":{"line":110,"column":70}},"type":"binary-expr","locations":[{"start":{"line":110,"column":18},"end":{"line":110,"column":40}},{"start":{"line":110,"column":44},"end":{"line":110,"column":70}}],"line":110},"19":{"loc":{"start":{"line":119,"column":4},"end":{"line":121,"column":null}},"type":"if","locations":[{"start":{"line":119,"column":4},"end":{"line":121,"column":null}},{"start":{},"end":{}}],"line":119},"20":{"loc":{"start":{"line":124,"column":4},"end":{"line":126,"column":null}},"type":"if","locations":[{"start":{"line":124,"column":4},"end":{"line":126,"column":null}},{"start":{},"end":{}}],"line":124}},"s":{"0":18,"1":18,"2":2,"3":2,"4":2,"5":2,"6":1,"7":1,"8":1,"9":1,"10":1,"11":1,"12":1,"13":1,"14":1,"15":1,"16":3,"17":3,"18":1,"19":2,"20":2,"21":2,"22":2,"23":2,"24":2,"25":2,"26":1,"27":1,"28":1,"29":1,"30":1,"31":1,"32":1,"33":1,"34":2,"35":2,"36":1,"37":1,"38":1,"39":1,"40":2,"41":2,"42":1,"43":1,"44":1,"45":1,"46":3,"47":3,"48":1,"49":2,"50":2,"51":1,"52":1,"53":3,"54":3,"55":3,"56":1,"57":2,"58":2,"59":1,"60":1},"f":{"0":18,"1":2,"2":1,"3":1,"4":3,"5":2,"6":1,"7":2,"8":3,"9":3},"b":{"0":[1,1],"1":[1,2],"2":[2,0],"3":[2,0],"4":[1,1],"5":[2,1],"6":[0,1],"7":[0,1],"8":[1,1],"9":[1,1],"10":[1,2],"11":[1,1],"12":[1,1],"13":[3,1],"14":[3,0],"15":[3,1],"16":[3,1],"17":[3,1],"18":[3,1],"19":[1,2],"20":[1,1]},"meta":{"lastBranch":21,"lastFunction":10,"lastStatement":61,"seen":{"f:7:2:7:13":0,"s:8:4:8:Infinity":0,"s:9:4:9:Infinity":1,"f:12:8:12:22":1,"s:13:35:13:48":2,"s:14:28:14:55":3,"s:15:36:15:94":4,"b:16:4:18:Infinity:undefined:undefined:undefined:undefined":0,"s:16:4:18:Infinity":5,"s:17:6:17:Infinity":6,"s:19:15:19:44":7,"s:20:21:20:81":8,"s:21:26:21:78":9,"s:22:4:22:Infinity":10,"f:25:8:25:23":2,"s:26:21:26:72":11,"s:27:4:27:Infinity":12,"f:30:8:30:26":3,"s:31:28:31:55":13,"s:32:21:32:79":14,"s:33:4:33:Infinity":15,"f:36:8:36:22":4,"s:37:21:37:72":16,"b:38:4:40:Infinity:undefined:undefined:undefined:undefined":1,"s:38:4:40:Infinity":17,"s:39:6:39:Infinity":18,"s:41:26:41:51":19,"s:42:35:42:46":20,"b:44:4:53:Infinity:undefined:undefined:undefined:undefined":2,"s:44:4:53:Infinity":21,"s:45:30:45:57":22,"b:46:6:52:Infinity:undefined:undefined:undefined:undefined":3,"s:46:6:52:Infinity":23,"s:47:40:47:98":24,"b:48:8:50:Infinity:undefined:undefined:undefined:undefined":4,"s:48:8:50:Infinity":25,"b:48:12:48:35:48:39:48:81":5,"s:49:10:49:Infinity":26,"s:51:8:51:Infinity":27,"b:54:4:54:Infinity:undefined:undefined:undefined:undefined":6,"s:54:4:54:Infinity":28,"s:54:14:54:Infinity":29,"b:55:4:55:Infinity:undefined:undefined:undefined:undefined":7,"s:55:4:55:Infinity":30,"s:55:15:55:Infinity":31,"s:57:28:57:89":32,"s:58:4:58:Infinity":33,"f:61:8:61:22":5,"s:62:21:62:72":34,"b:63:4:65:Infinity:undefined:undefined:undefined:undefined":8,"s:63:4:65:Infinity":35,"s:64:6:64:Infinity":36,"s:66:4:66:Infinity":37,"f:69:8:69:21":6,"s:70:22:70:61":38,"s:71:4:71:Infinity":39,"f:74:8:74:21":7,"s:75:21:75:72":40,"b:76:4:78:Infinity:undefined:undefined:undefined:undefined":9,"s:76:4:78:Infinity":41,"s:77:6:77:Infinity":42,"s:80:22:80:51":43,"s:81:20:85:6":44,"s:87:4:87:Infinity":45,"f:90:8:90:21":8,"s:91:21:91:72":46,"b:92:4:94:Infinity:undefined:undefined:undefined:undefined":10,"s:92:4:94:Infinity":47,"s:93:6:93:Infinity":48,"s:96:28:96:98":49,"b:97:4:99:Infinity:undefined:undefined:undefined:undefined":11,"s:97:4:99:Infinity":50,"s:98:6:98:Infinity":51,"s:101:27:112:6":52,"b:104:14:104:32:104:36:104:58":12,"b:105:20:105:44:105:48:105:76":13,"b:106:12:106:28:106:32:106:52":14,"b:107:13:107:30:107:34:107:55":15,"b:108:18:108:40:108:44:108:70":16,"b:109:15:109:34:109:38:109:61":17,"b:110:18:110:40:110:44:110:70":18,"s:114:4:114:Infinity":53,"f:117:8:117:21":9,"s:118:21:118:72":54,"b:119:4:121:Infinity:undefined:undefined:undefined:undefined":19,"s:119:4:121:Infinity":55,"s:120:6:120:Infinity":56,"s:123:28:123:98":57,"b:124:4:126:Infinity:undefined:undefined:undefined:undefined":20,"s:124:4:126:Infinity":58,"s:125:6:125:Infinity":59,"s:128:4:128:Infinity":60}}}
,"C:\\Projetos\\unifor\\cloud-order\\server\\src\\modules\\domain\\entities\\address.js": {"path":"C:\\Projetos\\unifor\\cloud-order\\server\\src\\modules\\domain\\entities\\address.js","statementMap":{"0":{"start":{"line":6,"column":4},"end":{"line":6,"column":null}},"1":{"start":{"line":7,"column":4},"end":{"line":7,"column":null}},"2":{"start":{"line":8,"column":4},"end":{"line":8,"column":null}},"3":{"start":{"line":9,"column":4},"end":{"line":9,"column":null}},"4":{"start":{"line":10,"column":4},"end":{"line":10,"column":null}},"5":{"start":{"line":11,"column":4},"end":{"line":11,"column":null}},"6":{"start":{"line":12,"column":4},"end":{"line":12,"column":null}},"7":{"start":{"line":13,"column":4},"end":{"line":13,"column":null}},"8":{"start":{"line":14,"column":4},"end":{"line":14,"column":null}},"9":{"start":{"line":15,"column":4},"end":{"line":15,"column":null}},"10":{"start":{"line":19,"column":4},"end":{"line":19,"column":null}},"11":{"start":{"line":19,"column":21},"end":{"line":19,"column":null}},"12":{"start":{"line":20,"column":4},"end":{"line":20,"column":null}},"13":{"start":{"line":20,"column":13},"end":{"line":20,"column":null}},"14":{"start":{"line":21,"column":4},"end":{"line":21,"column":null}},"15":{"start":{"line":21,"column":17},"end":{"line":21,"column":null}},"16":{"start":{"line":22,"column":4},"end":{"line":22,"column":null}},"17":{"start":{"line":22,"column":23},"end":{"line":22,"column":null}},"18":{"start":{"line":23,"column":4},"end":{"line":23,"column":null}},"19":{"start":{"line":23,"column":15},"end":{"line":23,"column":null}},"20":{"start":{"line":24,"column":4},"end":{"line":24,"column":null}},"21":{"start":{"line":24,"column":16},"end":{"line":24,"column":null}},"22":{"start":{"line":25,"column":4},"end":{"line":25,"column":null}},"23":{"start":{"line":25,"column":21},"end":{"line":25,"column":null}},"24":{"start":{"line":26,"column":4},"end":{"line":26,"column":null}},"25":{"start":{"line":26,"column":18},"end":{"line":26,"column":null}},"26":{"start":{"line":28,"column":4},"end":{"line":28,"column":null}}},"fnMap":{"0":{"name":"(anonymous_0)","decl":{"start":{"line":5,"column":2},"end":{"line":5,"column":13}},"loc":{"start":{"line":5,"column":113},"end":{"line":16,"column":null}},"line":5},"1":{"name":"(anonymous_1)","decl":{"start":{"line":18,"column":9},"end":{"line":18,"column":15}},"loc":{"start":{"line":18,"column":115},"end":{"line":29,"column":null}},"line":18}},"branchMap":{"0":{"loc":{"start":{"line":15,"column":21},"end":{"line":15,"column":58}},"type":"binary-expr","locations":[{"start":{"line":15,"column":21},"end":{"line":15,"column":30}},{"start":{"line":15,"column":34},"end":{"line":15,"column":58}}],"line":15},"1":{"loc":{"start":{"line":19,"column":4},"end":{"line":19,"column":null}},"type":"if","locations":[{"start":{"line":19,"column":4},"end":{"line":19,"column":null}},{"start":{},"end":{}}],"line":19},"2":{"loc":{"start":{"line":20,"column":4},"end":{"line":20,"column":null}},"type":"if","locations":[{"start":{"line":20,"column":4},"end":{"line":20,"column":null}},{"start":{},"end":{}}],"line":20},"3":{"loc":{"start":{"line":21,"column":4},"end":{"line":21,"column":null}},"type":"if","locations":[{"start":{"line":21,"column":4},"end":{"line":21,"column":null}},{"start":{},"end":{}}],"line":21},"4":{"loc":{"start":{"line":22,"column":4},"end":{"line":22,"column":null}},"type":"if","locations":[{"start":{"line":22,"column":4},"end":{"line":22,"column":null}},{"start":{},"end":{}}],"line":22},"5":{"loc":{"start":{"line":23,"column":4},"end":{"line":23,"column":null}},"type":"if","locations":[{"start":{"line":23,"column":4},"end":{"line":23,"column":null}},{"start":{},"end":{}}],"line":23},"6":{"loc":{"start":{"line":24,"column":4},"end":{"line":24,"column":null}},"type":"if","locations":[{"start":{"line":24,"column":4},"end":{"line":24,"column":null}},{"start":{},"end":{}}],"line":24},"7":{"loc":{"start":{"line":25,"column":4},"end":{"line":25,"column":null}},"type":"if","locations":[{"start":{"line":25,"column":4},"end":{"line":25,"column":null}},{"start":{},"end":{}}],"line":25},"8":{"loc":{"start":{"line":26,"column":4},"end":{"line":26,"column":null}},"type":"if","locations":[{"start":{"line":26,"column":4},"end":{"line":26,"column":null}},{"start":{},"end":{}}],"line":26}},"s":{"0":13,"1":13,"2":13,"3":13,"4":13,"5":13,"6":13,"7":13,"8":13,"9":13,"10":15,"11":0,"12":15,"13":1,"14":14,"15":14,"16":13,"17":13,"18":13,"19":13,"20":13,"21":13,"22":13,"23":13,"24":13,"25":13,"26":13},"f":{"0":13,"1":4},"b":{"0":[13,7],"1":[0,15],"2":[1,14],"3":[1,13],"4":[0,13],"5":[0,13],"6":[0,13],"7":[0,13],"8":[0,13]},"meta":{"lastBranch":9,"lastFunction":2,"lastStatement":27,"seen":{"f:5:2:5:13":0,"s:6:4:6:Infinity":0,"s:7:4:7:Infinity":1,"s:8:4:8:Infinity":2,"s:9:4:9:Infinity":3,"s:10:4:10:Infinity":4,"s:11:4:11:Infinity":5,"s:12:4:12:Infinity":6,"s:13:4:13:Infinity":7,"s:14:4:14:Infinity":8,"s:15:4:15:Infinity":9,"b:15:21:15:30:15:34:15:58":0,"f:18:9:18:15":1,"b:19:4:19:Infinity:undefined:undefined:undefined:undefined":1,"s:19:4:19:Infinity":10,"s:19:21:19:Infinity":11,"b:20:4:20:Infinity:undefined:undefined:undefined:undefined":2,"s:20:4:20:Infinity":12,"s:20:13:20:Infinity":13,"b:21:4:21:Infinity:undefined:undefined:undefined:undefined":3,"s:21:4:21:Infinity":14,"s:21:17:21:Infinity":15,"b:22:4:22:Infinity:undefined:undefined:undefined:undefined":4,"s:22:4:22:Infinity":16,"s:22:23:22:Infinity":17,"b:23:4:23:Infinity:undefined:undefined:undefined:undefined":5,"s:23:4:23:Infinity":18,"s:23:15:23:Infinity":19,"b:24:4:24:Infinity:undefined:undefined:undefined:undefined":6,"s:24:4:24:Infinity":20,"s:24:16:24:Infinity":21,"b:25:4:25:Infinity:undefined:undefined:undefined:undefined":7,"s:25:4:25:Infinity":22,"s:25:21:25:Infinity":23,"b:26:4:26:Infinity:undefined:undefined:undefined:undefined":8,"s:26:4:26:Infinity":24,"s:26:18:26:Infinity":25,"s:28:4:28:Infinity":26}}}
,"C:\\Projetos\\unifor\\cloud-order\\server\\src\\modules\\domain\\entities\\customer.js": {"path":"C:\\Projetos\\unifor\\cloud-order\\server\\src\\modules\\domain\\entities\\customer.js","statementMap":{"0":{"start":{"line":7,"column":4},"end":{"line":7,"column":null}},"1":{"start":{"line":8,"column":4},"end":{"line":8,"column":null}},"2":{"start":{"line":9,"column":4},"end":{"line":9,"column":null}},"3":{"start":{"line":10,"column":4},"end":{"line":10,"column":null}},"4":{"start":{"line":11,"column":4},"end":{"line":11,"column":null}},"5":{"start":{"line":12,"column":4},"end":{"line":12,"column":null}},"6":{"start":{"line":16,"column":4},"end":{"line":16,"column":null}},"7":{"start":{"line":16,"column":15},"end":{"line":16,"column":null}},"8":{"start":{"line":17,"column":4},"end":{"line":17,"column":null}},"9":{"start":{"line":17,"column":16},"end":{"line":17,"column":null}},"10":{"start":{"line":18,"column":4},"end":{"line":18,"column":null}},"11":{"start":{"line":18,"column":16},"end":{"line":18,"column":null}},"12":{"start":{"line":20,"column":4},"end":{"line":20,"column":null}},"13":{"start":{"line":24,"column":4},"end":{"line":24,"column":null}},"14":{"start":{"line":28,"column":4},"end":{"line":28,"column":null}},"15":{"start":{"line":32,"column":4},"end":{"line":32,"column":null}},"16":{"start":{"line":36,"column":4},"end":{"line":36,"column":null}}},"fnMap":{"0":{"name":"(anonymous_0)","decl":{"start":{"line":6,"column":2},"end":{"line":6,"column":13}},"loc":{"start":{"line":6,"column":64},"end":{"line":13,"column":null}},"line":6},"1":{"name":"(anonymous_1)","decl":{"start":{"line":15,"column":9},"end":{"line":15,"column":15}},"loc":{"start":{"line":15,"column":71},"end":{"line":21,"column":null}},"line":15},"2":{"name":"(anonymous_2)","decl":{"start":{"line":23,"column":2},"end":{"line":23,"column":12}},"loc":{"start":{"line":23,"column":22},"end":{"line":25,"column":null}},"line":23},"3":{"name":"(anonymous_3)","decl":{"start":{"line":27,"column":2},"end":{"line":27,"column":13}},"loc":{"start":{"line":27,"column":24},"end":{"line":29,"column":null}},"line":27},"4":{"name":"(anonymous_4)","decl":{"start":{"line":31,"column":2},"end":{"line":31,"column":13}},"loc":{"start":{"line":31,"column":24},"end":{"line":33,"column":null}},"line":31},"5":{"name":"(anonymous_5)","decl":{"start":{"line":35,"column":2},"end":{"line":35,"column":14}},"loc":{"start":{"line":35,"column":26},"end":{"line":37,"column":null}},"line":35}},"branchMap":{"0":{"loc":{"start":{"line":11,"column":21},"end":{"line":11,"column":58}},"type":"binary-expr","locations":[{"start":{"line":11,"column":21},"end":{"line":11,"column":30}},{"start":{"line":11,"column":34},"end":{"line":11,"column":58}}],"line":11},"1":{"loc":{"start":{"line":12,"column":21},"end":{"line":12,"column":36}},"type":"binary-expr","locations":[{"start":{"line":12,"column":21},"end":{"line":12,"column":30}},{"start":{"line":12,"column":34},"end":{"line":12,"column":36}}],"line":12},"2":{"loc":{"start":{"line":15,"column":53},"end":{"line":15,"column":67}},"type":"default-arg","locations":[{"start":{"line":15,"column":65},"end":{"line":15,"column":67}}],"line":15},"3":{"loc":{"start":{"line":16,"column":4},"end":{"line":16,"column":null}},"type":"if","locations":[{"start":{"line":16,"column":4},"end":{"line":16,"column":null}},{"start":{},"end":{}}],"line":16},"4":{"loc":{"start":{"line":17,"column":4},"end":{"line":17,"column":null}},"type":"if","locations":[{"start":{"line":17,"column":4},"end":{"line":17,"column":null}},{"start":{},"end":{}}],"line":17},"5":{"loc":{"start":{"line":18,"column":4},"end":{"line":18,"column":null}},"type":"if","locations":[{"start":{"line":18,"column":4},"end":{"line":18,"column":null}},{"start":{},"end":{}}],"line":18},"6":{"loc":{"start":{"line":36,"column":21},"end":{"line":36,"column":36}},"type":"binary-expr","locations":[{"start":{"line":36,"column":21},"end":{"line":36,"column":30}},{"start":{"line":36,"column":34},"end":{"line":36,"column":36}}],"line":36}},"s":{"0":15,"1":15,"2":15,"3":15,"4":15,"5":15,"6":18,"7":1,"8":17,"9":17,"10":16,"11":16,"12":15,"13":1,"14":1,"15":2,"16":3},"f":{"0":15,"1":4,"2":1,"3":1,"4":2,"5":3},"b":{"0":[15,11],"1":[15,0],"2":[18],"3":[1,17],"4":[1,16],"5":[1,15],"6":[3,0]},"meta":{"lastBranch":7,"lastFunction":6,"lastStatement":17,"seen":{"f:6:2:6:13":0,"s:7:4:7:Infinity":0,"s:8:4:8:Infinity":1,"s:9:4:9:Infinity":2,"s:10:4:10:Infinity":3,"s:11:4:11:Infinity":4,"b:11:21:11:30:11:34:11:58":0,"s:12:4:12:Infinity":5,"b:12:21:12:30:12:34:12:36":1,"f:15:9:15:15":1,"b:15:65:15:67":2,"b:16:4:16:Infinity:undefined:undefined:undefined:undefined":3,"s:16:4:16:Infinity":6,"s:16:15:16:Infinity":7,"b:17:4:17:Infinity:undefined:undefined:undefined:undefined":4,"s:17:4:17:Infinity":8,"s:17:16:17:Infinity":9,"b:18:4:18:Infinity:undefined:undefined:undefined:undefined":5,"s:18:4:18:Infinity":10,"s:18:16:18:Infinity":11,"s:20:4:20:Infinity":12,"f:23:2:23:12":2,"s:24:4:24:Infinity":13,"f:27:2:27:13":3,"s:28:4:28:Infinity":14,"f:31:2:31:13":4,"s:32:4:32:Infinity":15,"f:35:2:35:14":5,"s:36:4:36:Infinity":16,"b:36:21:36:30:36:34:36:36":6}}}
,"C:\\Projetos\\unifor\\cloud-order\\server\\src\\modules\\domain\\errors\\validation.error.js": {"path":"C:\\Projetos\\unifor\\cloud-order\\server\\src\\modules\\domain\\errors\\validation.error.js","statementMap":{"0":{"start":{"line":3,"column":4},"end":{"line":3,"column":null}},"1":{"start":{"line":4,"column":4},"end":{"line":4,"column":null}}},"fnMap":{"0":{"name":"(anonymous_0)","decl":{"start":{"line":2,"column":2},"end":{"line":2,"column":13}},"loc":{"start":{"line":2,"column":23},"end":{"line":5,"column":null}},"line":2}},"branchMap":{},"s":{"0":25,"1":25},"f":{"0":25},"b":{},"meta":{"lastBranch":0,"lastFunction":1,"lastStatement":2,"seen":{"f:2:2:2:13":0,"s:3:4:3:Infinity":0,"s:4:4:4:Infinity":1}}}
,"C:\\Projetos\\unifor\\cloud-order\\server\\src\\modules\\domain\\value-object\\email.js": {"path":"C:\\Projetos\\unifor\\cloud-order\\server\\src\\modules\\domain\\value-object\\email.js","statementMap":{"0":{"start":{"line":5,"column":4},"end":{"line":7,"column":null}},"1":{"start":{"line":6,"column":6},"end":{"line":6,"column":null}},"2":{"start":{"line":9,"column":4},"end":{"line":9,"column":null}},"3":{"start":{"line":10,"column":4},"end":{"line":10,"column":null}},"4":{"start":{"line":14,"column":23},"end":{"line":14,"column":51}},"5":{"start":{"line":15,"column":4},"end":{"line":17,"column":null}},"6":{"start":{"line":16,"column":6},"end":{"line":16,"column":null}},"7":{"start":{"line":21,"column":4},"end":{"line":21,"column":null}}},"fnMap":{"0":{"name":"(anonymous_0)","decl":{"start":{"line":4,"column":2},"end":{"line":4,"column":13}},"loc":{"start":{"line":4,"column":21},"end":{"line":11,"column":null}},"line":4},"1":{"name":"(anonymous_1)","decl":{"start":{"line":13,"column":2},"end":{"line":13,"column":10}},"loc":{"start":{"line":13,"column":13},"end":{"line":18,"column":null}},"line":13},"2":{"name":"(anonymous_2)","decl":{"start":{"line":20,"column":2},"end":{"line":20,"column":10}},"loc":{"start":{"line":20,"column":13},"end":{"line":22,"column":null}},"line":20}},"branchMap":{"0":{"loc":{"start":{"line":5,"column":4},"end":{"line":7,"column":null}},"type":"if","locations":[{"start":{"line":5,"column":4},"end":{"line":7,"column":null}},{"start":{},"end":{}}],"line":5},"1":{"loc":{"start":{"line":5,"column":8},"end":{"line":5,"column":45}},"type":"binary-expr","locations":[{"start":{"line":5,"column":8},"end":{"line":5,"column":27}},{"start":{"line":5,"column":31},"end":{"line":5,"column":45}}],"line":5},"2":{"loc":{"start":{"line":15,"column":4},"end":{"line":17,"column":null}},"type":"if","locations":[{"start":{"line":15,"column":4},"end":{"line":17,"column":null}},{"start":{},"end":{}}],"line":15}},"s":{"0":19,"1":1,"2":18,"3":18,"4":18,"5":18,"6":1,"7":9},"f":{"0":19,"1":18,"2":9},"b":{"0":[1,18],"1":[19,19],"2":[1,17]},"meta":{"lastBranch":3,"lastFunction":3,"lastStatement":8,"seen":{"f:4:2:4:13":0,"b:5:4:7:Infinity:undefined:undefined:undefined:undefined":0,"s:5:4:7:Infinity":0,"b:5:8:5:27:5:31:5:45":1,"s:6:6:6:Infinity":1,"s:9:4:9:Infinity":2,"s:10:4:10:Infinity":3,"f:13:2:13:10":1,"s:14:23:14:51":4,"b:15:4:17:Infinity:undefined:undefined:undefined:undefined":2,"s:15:4:17:Infinity":5,"s:16:6:16:Infinity":6,"f:20:2:20:10":2,"s:21:4:21:Infinity":7}}}
,"C:\\Projetos\\unifor\\cloud-order\\server\\src\\modules\\domain\\value-object\\phone.js": {"path":"C:\\Projetos\\unifor\\cloud-order\\server\\src\\modules\\domain\\value-object\\phone.js","statementMap":{"0":{"start":{"line":6,"column":4},"end":{"line":8,"column":null}},"1":{"start":{"line":7,"column":6},"end":{"line":7,"column":null}},"2":{"start":{"line":10,"column":22},"end":{"line":10,"column":42}},"3":{"start":{"line":11,"column":4},"end":{"line":11,"column":null}},"4":{"start":{"line":12,"column":4},"end":{"line":12,"column":null}},"5":{"start":{"line":13,"column":4},"end":{"line":13,"column":null}},"6":{"start":{"line":17,"column":23},"end":{"line":17,"column":43}},"7":{"start":{"line":18,"column":4},"end":{"line":20,"column":null}},"8":{"start":{"line":19,"column":6},"end":{"line":19,"column":null}},"9":{"start":{"line":24,"column":4},"end":{"line":24,"column":null}}},"fnMap":{"0":{"name":"(anonymous_0)","decl":{"start":{"line":5,"column":2},"end":{"line":5,"column":13}},"loc":{"start":{"line":5,"column":21},"end":{"line":14,"column":null}},"line":5},"1":{"name":"(anonymous_1)","decl":{"start":{"line":16,"column":2},"end":{"line":16,"column":10}},"loc":{"start":{"line":16,"column":13},"end":{"line":21,"column":null}},"line":16},"2":{"name":"(anonymous_2)","decl":{"start":{"line":23,"column":2},"end":{"line":23,"column":10}},"loc":{"start":{"line":23,"column":13},"end":{"line":25,"column":null}},"line":23}},"branchMap":{"0":{"loc":{"start":{"line":6,"column":4},"end":{"line":8,"column":null}},"type":"if","locations":[{"start":{"line":6,"column":4},"end":{"line":8,"column":null}},{"start":{},"end":{}}],"line":6},"1":{"loc":{"start":{"line":6,"column":8},"end":{"line":6,"column":45}},"type":"binary-expr","locations":[{"start":{"line":6,"column":8},"end":{"line":6,"column":27}},{"start":{"line":6,"column":31},"end":{"line":6,"column":45}}],"line":6},"2":{"loc":{"start":{"line":11,"column":17},"end":{"line":11,"column":72}},"type":"cond-expr","locations":[{"start":{"line":11,"column":45},"end":{"line":11,"column":54}},{"start":{"line":11,"column":57},"end":{"line":11,"column":72}}],"line":11},"3":{"loc":{"start":{"line":18,"column":4},"end":{"line":20,"column":null}},"type":"if","locations":[{"start":{"line":18,"column":4},"end":{"line":20,"column":null}},{"start":{},"end":{}}],"line":18}},"s":{"0":25,"1":0,"2":25,"3":25,"4":25,"5":25,"6":25,"7":25,"8":1,"9":34},"f":{"0":25,"1":25,"2":34},"b":{"0":[0,25],"1":[25,25],"2":[20,5],"3":[1,24]},"meta":{"lastBranch":4,"lastFunction":3,"lastStatement":10,"seen":{"f:5:2:5:13":0,"b:6:4:8:Infinity:undefined:undefined:undefined:undefined":0,"s:6:4:8:Infinity":0,"b:6:8:6:27:6:31:6:45":1,"s:7:6:7:Infinity":1,"s:10:22:10:42":2,"s:11:4:11:Infinity":3,"b:11:45:11:54:11:57:11:72":2,"s:12:4:12:Infinity":4,"s:13:4:13:Infinity":5,"f:16:2:16:10":1,"s:17:23:17:43":6,"b:18:4:20:Infinity:undefined:undefined:undefined:undefined":3,"s:18:4:20:Infinity":7,"s:19:6:19:Infinity":8,"f:23:2:23:10":2,"s:24:4:24:Infinity":9}}}
,"C:\\Projetos\\unifor\\cloud-order\\server\\src\\modules\\domain\\value-object\\postal-code.js": {"path":"C:\\Projetos\\unifor\\cloud-order\\server\\src\\modules\\domain\\value-object\\postal-code.js","statementMap":{"0":{"start":{"line":5,"column":4},"end":{"line":7,"column":null}},"1":{"start":{"line":6,"column":6},"end":{"line":6,"column":null}},"2":{"start":{"line":9,"column":21},"end":{"line":9,"column":85}},"3":{"start":{"line":10,"column":4},"end":{"line":10,"column":null}},"4":{"start":{"line":11,"column":4},"end":{"line":11,"column":null}},"5":{"start":{"line":15,"column":23},"end":{"line":15,"column":55}},"6":{"start":{"line":16,"column":4},"end":{"line":18,"column":null}},"7":{"start":{"line":17,"column":6},"end":{"line":17,"column":null}},"8":{"start":{"line":20,"column":4},"end":{"line":20,"column":null}},"9":{"start":{"line":24,"column":21},"end":{"line":24,"column":36}},"10":{"start":{"line":25,"column":4},"end":{"line":27,"column":null}},"11":{"start":{"line":26,"column":6},"end":{"line":26,"column":null}},"12":{"start":{"line":31,"column":4},"end":{"line":31,"column":null}}},"fnMap":{"0":{"name":"(anonymous_0)","decl":{"start":{"line":4,"column":2},"end":{"line":4,"column":13}},"loc":{"start":{"line":4,"column":21},"end":{"line":12,"column":null}},"line":4},"1":{"name":"(anonymous_1)","decl":{"start":{"line":14,"column":9},"end":{"line":14,"column":18}},"loc":{"start":{"line":14,"column":26},"end":{"line":21,"column":null}},"line":14},"2":{"name":"(anonymous_2)","decl":{"start":{"line":23,"column":2},"end":{"line":23,"column":10}},"loc":{"start":{"line":23,"column":13},"end":{"line":28,"column":null}},"line":23},"3":{"name":"(anonymous_3)","decl":{"start":{"line":30,"column":2},"end":{"line":30,"column":10}},"loc":{"start":{"line":30,"column":13},"end":{"line":32,"column":null}},"line":30}},"branchMap":{"0":{"loc":{"start":{"line":5,"column":4},"end":{"line":7,"column":null}},"type":"if","locations":[{"start":{"line":5,"column":4},"end":{"line":7,"column":null}},{"start":{},"end":{}}],"line":5},"1":{"loc":{"start":{"line":5,"column":8},"end":{"line":5,"column":45}},"type":"binary-expr","locations":[{"start":{"line":5,"column":8},"end":{"line":5,"column":27}},{"start":{"line":5,"column":31},"end":{"line":5,"column":45}}],"line":5},"2":{"loc":{"start":{"line":9,"column":21},"end":{"line":9,"column":85}},"type":"cond-expr","locations":[{"start":{"line":9,"column":51},"end":{"line":9,"column":62}},{"start":{"line":9,"column":65},"end":{"line":9,"column":85}}],"line":9},"3":{"loc":{"start":{"line":16,"column":4},"end":{"line":18,"column":null}},"type":"if","locations":[{"start":{"line":16,"column":4},"end":{"line":18,"column":null}},{"start":{},"end":{}}],"line":16},"4":{"loc":{"start":{"line":25,"column":4},"end":{"line":27,"column":null}},"type":"if","locations":[{"start":{"line":25,"column":4},"end":{"line":27,"column":null}},{"start":{},"end":{}}],"line":25}},"s":{"0":18,"1":0,"2":18,"3":18,"4":18,"5":18,"6":18,"7":2,"8":16,"9":18,"10":18,"11":2,"12":11},"f":{"0":18,"1":5,"2":18,"3":11},"b":{"0":[0,18],"1":[18,18],"2":[1,17],"3":[2,16],"4":[2,16]},"meta":{"lastBranch":5,"lastFunction":4,"lastStatement":13,"seen":{"f:4:2:4:13":0,"b:5:4:7:Infinity:undefined:undefined:undefined:undefined":0,"s:5:4:7:Infinity":0,"b:5:8:5:27:5:31:5:45":1,"s:6:6:6:Infinity":1,"s:9:21:9:85":2,"b:9:51:9:62:9:65:9:85":2,"s:10:4:10:Infinity":3,"s:11:4:11:Infinity":4,"f:14:9:14:18":1,"s:15:23:15:55":5,"b:16:4:18:Infinity:undefined:undefined:undefined:undefined":3,"s:16:4:18:Infinity":6,"s:17:6:17:Infinity":7,"s:20:4:20:Infinity":8,"f:23:2:23:10":2,"s:24:21:24:36":9,"b:25:4:27:Infinity:undefined:undefined:undefined:undefined":4,"s:25:4:27:Infinity":10,"s:26:6:26:Infinity":11,"f:30:2:30:10":3,"s:31:4:31:Infinity":12}}}
,"C:\\Projetos\\unifor\\cloud-order\\server\\src\\modules\\infra\\database\\dynamodb\\customer.repository.js": {"path":"C:\\Projetos\\unifor\\cloud-order\\server\\src\\modules\\infra\\database\\dynamodb\\customer.repository.js","statementMap":{"0":{"start":{"line":10,"column":19},"end":{"line":10,"column":21}},"1":{"start":{"line":11,"column":4},"end":{"line":13,"column":null}},"2":{"start":{"line":11,"column":17},"end":{"line":11,"column":18}},"3":{"start":{"line":12,"column":6},"end":{"line":12,"column":null}},"4":{"start":{"line":14,"column":4},"end":{"line":14,"column":null}},"5":{"start":{"line":18,"column":24},"end":{"line":18,"column":49}},"6":{"start":{"line":19,"column":21},"end":{"line":19,"column":47}},"7":{"start":{"line":20,"column":19},"end":{"line":37,"column":5}},"8":{"start":{"line":38,"column":4},"end":{"line":46,"column":null}},"9":{"start":{"line":39,"column":6},"end":{"line":39,"column":null}},"10":{"start":{"line":40,"column":6},"end":{"line":40,"column":null}},"11":{"start":{"line":42,"column":6},"end":{"line":44,"column":null}},"12":{"start":{"line":43,"column":8},"end":{"line":43,"column":null}},"13":{"start":{"line":45,"column":6},"end":{"line":45,"column":null}},"14":{"start":{"line":50,"column":19},"end":{"line":58,"column":5}},"15":{"start":{"line":60,"column":18},"end":{"line":60,"column":36}},"16":{"start":{"line":61,"column":25},"end":{"line":61,"column":66}},"17":{"start":{"line":61,"column":44},"end":{"line":61,"column":65}},"18":{"start":{"line":62,"column":25},"end":{"line":62,"column":77}},"19":{"start":{"line":62,"column":46},"end":{"line":62,"column":76}},"20":{"start":{"line":64,"column":4},"end":{"line":64,"column":null}},"21":{"start":{"line":64,"column":23},"end":{"line":64,"column":null}},"22":{"start":{"line":66,"column":20},"end":{"line":66,"column":51}},"23":{"start":{"line":67,"column":4},"end":{"line":67,"column":null}},"24":{"start":{"line":68,"column":4},"end":{"line":68,"column":null}},"25":{"start":{"line":72,"column":19},"end":{"line":81,"column":5}},"26":{"start":{"line":82,"column":22},"end":{"line":82,"column":39}},"27":{"start":{"line":83,"column":4},"end":{"line":83,"column":null}},"28":{"start":{"line":87,"column":24},"end":{"line":87,"column":49}},"29":{"start":{"line":88,"column":25},"end":{"line":88,"column":50}},"30":{"start":{"line":89,"column":26},"end":{"line":97,"column":5}},"31":{"start":{"line":99,"column":4},"end":{"line":118,"column":null}},"32":{"start":{"line":100,"column":6},"end":{"line":109,"column":null}},"33":{"start":{"line":111,"column":6},"end":{"line":117,"column":null}},"34":{"start":{"line":120,"column":4},"end":{"line":133,"column":null}},"35":{"start":{"line":121,"column":6},"end":{"line":125,"column":null}},"36":{"start":{"line":126,"column":6},"end":{"line":126,"column":null}},"37":{"start":{"line":128,"column":6},"end":{"line":128,"column":null}},"38":{"start":{"line":129,"column":6},"end":{"line":131,"column":null}},"39":{"start":{"line":130,"column":8},"end":{"line":130,"column":null}},"40":{"start":{"line":132,"column":6},"end":{"line":132,"column":null}},"41":{"start":{"line":137,"column":19},"end":{"line":146,"column":5}},"42":{"start":{"line":147,"column":4},"end":{"line":147,"column":null}},"43":{"start":{"line":151,"column":23},"end":{"line":151,"column":54}},"44":{"start":{"line":152,"column":4},"end":{"line":183,"column":null}},"45":{"start":{"line":153,"column":6},"end":{"line":175,"column":null}},"46":{"start":{"line":176,"column":6},"end":{"line":176,"column":null}},"47":{"start":{"line":178,"column":6},"end":{"line":178,"column":null}},"48":{"start":{"line":179,"column":6},"end":{"line":181,"column":null}},"49":{"start":{"line":180,"column":8},"end":{"line":180,"column":null}},"50":{"start":{"line":182,"column":6},"end":{"line":182,"column":null}},"51":{"start":{"line":187,"column":19},"end":{"line":195,"column":5}},"52":{"start":{"line":197,"column":4},"end":{"line":197,"column":null}},"53":{"start":{"line":201,"column":23},"end":{"line":201,"column":54}},"54":{"start":{"line":202,"column":4},"end":{"line":223,"column":null}},"55":{"start":{"line":203,"column":6},"end":{"line":215,"column":null}},"56":{"start":{"line":216,"column":6},"end":{"line":216,"column":null}},"57":{"start":{"line":218,"column":6},"end":{"line":218,"column":null}},"58":{"start":{"line":219,"column":6},"end":{"line":221,"column":null}},"59":{"start":{"line":220,"column":8},"end":{"line":220,"column":null}},"60":{"start":{"line":222,"column":6},"end":{"line":222,"column":null}},"61":{"start":{"line":227,"column":4},"end":{"line":250,"column":null}},"62":{"start":{"line":228,"column":6},"end":{"line":243,"column":null}},"63":{"start":{"line":245,"column":6},"end":{"line":245,"column":null}},"64":{"start":{"line":246,"column":6},"end":{"line":248,"column":null}},"65":{"start":{"line":247,"column":8},"end":{"line":247,"column":null}},"66":{"start":{"line":249,"column":6},"end":{"line":249,"column":null}},"67":{"start":{"line":254,"column":19},"end":{"line":262,"column":5}},"68":{"start":{"line":264,"column":18},"end":{"line":264,"column":36}},"69":{"start":{"line":265,"column":25},"end":{"line":265,"column":68}},"70":{"start":{"line":265,"column":46},"end":{"line":265,"column":67}},"71":{"start":{"line":266,"column":4},"end":{"line":268,"column":null}},"72":{"start":{"line":267,"column":6},"end":{"line":267,"column":null}},"73":{"start":{"line":270,"column":26},"end":{"line":278,"column":7}},"74":{"start":{"line":270,"column":47},"end":{"line":278,"column":5}},"75":{"start":{"line":280,"column":4},"end":{"line":288,"column":null}},"76":{"start":{"line":290,"column":19},"end":{"line":290,"column":61}},"77":{"start":{"line":291,"column":4},"end":{"line":297,"column":null}},"78":{"start":{"line":292,"column":6},"end":{"line":296,"column":null}}},"fnMap":{"0":{"name":"(anonymous_0)","decl":{"start":{"line":9,"column":2},"end":{"line":9,"column":20}},"loc":{"start":{"line":9,"column":47},"end":{"line":15,"column":null}},"line":9},"1":{"name":"(anonymous_1)","decl":{"start":{"line":17,"column":8},"end":{"line":17,"column":20}},"loc":{"start":{"line":17,"column":31},"end":{"line":47,"column":null}},"line":17},"2":{"name":"(anonymous_2)","decl":{"start":{"line":49,"column":8},"end":{"line":49,"column":16}},"loc":{"start":{"line":49,"column":29},"end":{"line":69,"column":null}},"line":49},"3":{"name":"(anonymous_3)","decl":{"start":{"line":61,"column":36},"end":{"line":61,"column":40}},"loc":{"start":{"line":61,"column":44},"end":{"line":61,"column":65}},"line":61},"4":{"name":"(anonymous_4)","decl":{"start":{"line":62,"column":38},"end":{"line":62,"column":42}},"loc":{"start":{"line":62,"column":46},"end":{"line":62,"column":76}},"line":62},"5":{"name":"(anonymous_5)","decl":{"start":{"line":71,"column":8},"end":{"line":71,"column":19}},"loc":{"start":{"line":71,"column":27},"end":{"line":84,"column":null}},"line":71},"6":{"name":"(anonymous_6)","decl":{"start":{"line":86,"column":8},"end":{"line":86,"column":14}},"loc":{"start":{"line":86,"column":40},"end":{"line":134,"column":null}},"line":86},"7":{"name":"(anonymous_7)","decl":{"start":{"line":136,"column":8},"end":{"line":136,"column":15}},"loc":{"start":{"line":136,"column":18},"end":{"line":148,"column":null}},"line":136},"8":{"name":"(anonymous_8)","decl":{"start":{"line":150,"column":8},"end":{"line":150,"column":19}},"loc":{"start":{"line":150,"column":29},"end":{"line":184,"column":null}},"line":150},"9":{"name":"(anonymous_9)","decl":{"start":{"line":186,"column":8},"end":{"line":186,"column":23}},"loc":{"start":{"line":186,"column":47},"end":{"line":198,"column":null}},"line":186},"10":{"name":"(anonymous_10)","decl":{"start":{"line":200,"column":8},"end":{"line":200,"column":21}},"loc":{"start":{"line":200,"column":31},"end":{"line":224,"column":null}},"line":200},"11":{"name":"(anonymous_11)","decl":{"start":{"line":226,"column":8},"end":{"line":226,"column":21}},"loc":{"start":{"line":226,"column":45},"end":{"line":251,"column":null}},"line":226},"12":{"name":"(anonymous_12)","decl":{"start":{"line":253,"column":8},"end":{"line":253,"column":29}},"loc":{"start":{"line":253,"column":42},"end":{"line":298,"column":null}},"line":253},"13":{"name":"(anonymous_13)","decl":{"start":{"line":265,"column":36},"end":{"line":265,"column":37}},"loc":{"start":{"line":265,"column":46},"end":{"line":265,"column":67}},"line":265},"14":{"name":"(anonymous_14)","decl":{"start":{"line":270,"column":36},"end":{"line":270,"column":37}},"loc":{"start":{"line":270,"column":47},"end":{"line":278,"column":5}},"line":270}},"branchMap":{"0":{"loc":{"start":{"line":9,"column":36},"end":{"line":9,"column":45}},"type":"default-arg","locations":[{"start":{"line":9,"column":43},"end":{"line":9,"column":45}}],"line":9},"1":{"loc":{"start":{"line":42,"column":6},"end":{"line":44,"column":null}},"type":"if","locations":[{"start":{"line":42,"column":6},"end":{"line":44,"column":null}},{"start":{},"end":{}}],"line":42},"2":{"loc":{"start":{"line":60,"column":18},"end":{"line":60,"column":36}},"type":"binary-expr","locations":[{"start":{"line":60,"column":18},"end":{"line":60,"column":30}},{"start":{"line":60,"column":34},"end":{"line":60,"column":36}}],"line":60},"3":{"loc":{"start":{"line":64,"column":4},"end":{"line":64,"column":null}},"type":"if","locations":[{"start":{"line":64,"column":4},"end":{"line":64,"column":null}},{"start":{},"end":{}}],"line":64},"4":{"loc":{"start":{"line":83,"column":11},"end":{"line":83,"column":71}},"type":"cond-expr","locations":[{"start":{"line":83,"column":23},"end":{"line":83,"column":64}},{"start":{"line":83,"column":67},"end":{"line":83,"column":71}}],"line":83},"5":{"loc":{"start":{"line":99,"column":4},"end":{"line":118,"column":null}},"type":"if","locations":[{"start":{"line":99,"column":4},"end":{"line":118,"column":null}},{"start":{},"end":{}}],"line":99},"6":{"loc":{"start":{"line":99,"column":8},"end":{"line":99,"column":55}},"type":"binary-expr","locations":[{"start":{"line":99,"column":8},"end":{"line":99,"column":21}},{"start":{"line":99,"column":25},"end":{"line":99,"column":55}}],"line":99},"7":{"loc":{"start":{"line":129,"column":6},"end":{"line":131,"column":null}},"type":"if","locations":[{"start":{"line":129,"column":6},"end":{"line":131,"column":null}},{"start":{},"end":{}}],"line":129},"8":{"loc":{"start":{"line":179,"column":6},"end":{"line":181,"column":null}},"type":"if","locations":[{"start":{"line":179,"column":6},"end":{"line":181,"column":null}},{"start":{},"end":{}}],"line":179},"9":{"loc":{"start":{"line":219,"column":6},"end":{"line":221,"column":null}},"type":"if","locations":[{"start":{"line":219,"column":6},"end":{"line":221,"column":null}},{"start":{},"end":{}}],"line":219},"10":{"loc":{"start":{"line":246,"column":6},"end":{"line":248,"column":null}},"type":"if","locations":[{"start":{"line":246,"column":6},"end":{"line":248,"column":null}},{"start":{},"end":{}}],"line":246},"11":{"loc":{"start":{"line":264,"column":18},"end":{"line":264,"column":36}},"type":"binary-expr","locations":[{"start":{"line":264,"column":18},"end":{"line":264,"column":30}},{"start":{"line":264,"column":34},"end":{"line":264,"column":36}}],"line":264},"12":{"loc":{"start":{"line":266,"column":4},"end":{"line":268,"column":null}},"type":"if","locations":[{"start":{"line":266,"column":4},"end":{"line":268,"column":null}},{"start":{},"end":{}}],"line":266}},"s":{"0":2,"1":2,"2":2,"3":3,"4":2,"5":2,"6":2,"7":2,"8":2,"9":2,"10":1,"11":1,"12":1,"13":0,"14":2,"15":2,"16":2,"17":2,"18":2,"19":4,"20":2,"21":0,"22":2,"23":2,"24":2,"25":2,"26":2,"27":2,"28":3,"29":3,"30":3,"31":3,"32":2,"33":2,"34":3,"35":3,"36":2,"37":1,"38":1,"39":1,"40":0,"41":1,"42":1,"43":2,"44":2,"45":2,"46":1,"47":1,"48":1,"49":1,"50":0,"51":0,"52":0,"53":2,"54":2,"55":2,"56":1,"57":1,"58":1,"59":1,"60":0,"61":2,"62":2,"63":1,"64":1,"65":1,"66":0,"67":3,"68":3,"69":3,"70":2,"71":3,"72":1,"73":2,"74":34,"75":2,"76":2,"77":2,"78":3},"f":{"0":2,"1":2,"2":2,"3":2,"4":4,"5":2,"6":3,"7":1,"8":2,"9":0,"10":2,"11":2,"12":3,"13":2,"14":34},"b":{"0":[2],"1":[1,0],"2":[2,0],"3":[0,2],"4":[1,1],"5":[2,1],"6":[3,3],"7":[1,0],"8":[1,0],"9":[1,0],"10":[1,0],"11":[3,0],"12":[1,2]},"meta":{"lastBranch":13,"lastFunction":15,"lastStatement":79,"seen":{"f:9:2:9:20":0,"b:9:43:9:45":0,"s:10:19:10:21":0,"s:11:4:13:Infinity":1,"s:11:17:11:18":2,"s:12:6:12:Infinity":3,"s:14:4:14:Infinity":4,"f:17:8:17:20":1,"s:18:24:18:49":5,"s:19:21:19:47":6,"s:20:19:37:5":7,"s:38:4:46:Infinity":8,"s:39:6:39:Infinity":9,"s:40:6:40:Infinity":10,"b:42:6:44:Infinity:undefined:undefined:undefined:undefined":1,"s:42:6:44:Infinity":11,"s:43:8:43:Infinity":12,"s:45:6:45:Infinity":13,"f:49:8:49:16":2,"s:50:19:58:5":14,"s:60:18:60:36":15,"b:60:18:60:30:60:34:60:36":2,"s:61:25:61:66":16,"f:61:36:61:40":3,"s:61:44:61:65":17,"s:62:25:62:77":18,"f:62:38:62:42":4,"s:62:46:62:76":19,"b:64:4:64:Infinity:undefined:undefined:undefined:undefined":3,"s:64:4:64:Infinity":20,"s:64:23:64:Infinity":21,"s:66:20:66:51":22,"s:67:4:67:Infinity":23,"s:68:4:68:Infinity":24,"f:71:8:71:19":5,"s:72:19:81:5":25,"s:82:22:82:39":26,"s:83:4:83:Infinity":27,"b:83:23:83:64:83:67:83:71":4,"f:86:8:86:14":6,"s:87:24:87:49":28,"s:88:25:88:50":29,"s:89:26:97:5":30,"b:99:4:118:Infinity:undefined:undefined:undefined:undefined":5,"s:99:4:118:Infinity":31,"b:99:8:99:21:99:25:99:55":6,"s:100:6:109:Infinity":32,"s:111:6:117:Infinity":33,"s:120:4:133:Infinity":34,"s:121:6:125:Infinity":35,"s:126:6:126:Infinity":36,"s:128:6:128:Infinity":37,"b:129:6:131:Infinity:undefined:undefined:undefined:undefined":7,"s:129:6:131:Infinity":38,"s:130:8:130:Infinity":39,"s:132:6:132:Infinity":40,"f:136:8:136:15":7,"s:137:19:146:5":41,"s:147:4:147:Infinity":42,"f:150:8:150:19":8,"s:151:23:151:54":43,"s:152:4:183:Infinity":44,"s:153:6:175:Infinity":45,"s:176:6:176:Infinity":46,"s:178:6:178:Infinity":47,"b:179:6:181:Infinity:undefined:undefined:undefined:undefined":8,"s:179:6:181:Infinity":48,"s:180:8:180:Infinity":49,"s:182:6:182:Infinity":50,"f:186:8:186:23":9,"s:187:19:195:5":51,"s:197:4:197:Infinity":52,"f:200:8:200:21":10,"s:201:23:201:54":53,"s:202:4:223:Infinity":54,"s:203:6:215:Infinity":55,"s:216:6:216:Infinity":56,"s:218:6:218:Infinity":57,"b:219:6:221:Infinity:undefined:undefined:undefined:undefined":9,"s:219:6:221:Infinity":58,"s:220:8:220:Infinity":59,"s:222:6:222:Infinity":60,"f:226:8:226:21":11,"s:227:4:250:Infinity":61,"s:228:6:243:Infinity":62,"s:245:6:245:Infinity":63,"b:246:6:248:Infinity:undefined:undefined:undefined:undefined":10,"s:246:6:248:Infinity":64,"s:247:8:247:Infinity":65,"s:249:6:249:Infinity":66,"f:253:8:253:29":12,"s:254:19:262:5":67,"s:264:18:264:36":68,"b:264:18:264:30:264:34:264:36":11,"s:265:25:265:68":69,"f:265:36:265:37":13,"s:265:46:265:67":70,"b:266:4:268:Infinity:undefined:undefined:undefined:undefined":12,"s:266:4:268:Infinity":71,"s:267:6:267:Infinity":72,"s:270:26:278:7":73,"f:270:36:270:37":14,"s:270:47:278:5":74,"s:280:4:288:Infinity":75,"s:290:19:290:61":76,"s:291:4:297:Infinity":77,"s:292:6:296:Infinity":78}}}
,"C:\\Projetos\\unifor\\cloud-order\\server\\src\\modules\\infra\\database\\dynamodb\\mappers\\customer.mapper.js": {"path":"C:\\Projetos\\unifor\\cloud-order\\server\\src\\modules\\infra\\database\\dynamodb\\mappers\\customer.mapper.js","statementMap":{"0":{"start":{"line":5,"column":2},"end":{"line":16,"column":null}},"1":{"start":{"line":20,"column":2},"end":{"line":34,"column":null}},"2":{"start":{"line":38,"column":2},"end":{"line":44,"column":null}},"3":{"start":{"line":48,"column":2},"end":{"line":48,"column":null}},"4":{"start":{"line":48,"column":13},"end":{"line":48,"column":null}},"5":{"start":{"line":50,"column":2},"end":{"line":57,"column":null}},"6":{"start":{"line":61,"column":2},"end":{"line":61,"column":null}},"7":{"start":{"line":61,"column":13},"end":{"line":61,"column":null}},"8":{"start":{"line":63,"column":2},"end":{"line":74,"column":null}}},"fnMap":{"0":{"name":"toCustomerItem","decl":{"start":{"line":4,"column":16},"end":{"line":4,"column":30}},"loc":{"start":{"line":4,"column":41},"end":{"line":17,"column":null}},"line":4},"1":{"name":"toCustomerAddressItem","decl":{"start":{"line":19,"column":16},"end":{"line":19,"column":37}},"loc":{"start":{"line":19,"column":47},"end":{"line":35,"column":null}},"line":19},"2":{"name":"toPhoneLockItem","decl":{"start":{"line":37,"column":16},"end":{"line":37,"column":31}},"loc":{"start":{"line":37,"column":42},"end":{"line":45,"column":null}},"line":37},"3":{"name":"toDomainCustomer","decl":{"start":{"line":47,"column":16},"end":{"line":47,"column":32}},"loc":{"start":{"line":47,"column":39},"end":{"line":58,"column":null}},"line":47},"4":{"name":"toDomainAddress","decl":{"start":{"line":60,"column":16},"end":{"line":60,"column":31}},"loc":{"start":{"line":60,"column":38},"end":{"line":75,"column":null}},"line":60}},"branchMap":{"0":{"loc":{"start":{"line":48,"column":2},"end":{"line":48,"column":null}},"type":"if","locations":[{"start":{"line":48,"column":2},"end":{"line":48,"column":null}},{"start":{},"end":{}}],"line":48},"1":{"loc":{"start":{"line":61,"column":2},"end":{"line":61,"column":null}},"type":"if","locations":[{"start":{"line":61,"column":2},"end":{"line":61,"column":null}},{"start":{},"end":{}}],"line":61},"2":{"loc":{"start":{"line":64,"column":8},"end":{"line":64,"column":33}},"type":"binary-expr","locations":[{"start":{"line":64,"column":8},"end":{"line":64,"column":22}},{"start":{"line":64,"column":26},"end":{"line":64,"column":33}}],"line":64}},"s":{"0":6,"1":5,"2":5,"3":5,"4":1,"5":4,"6":5,"7":1,"8":4},"f":{"0":6,"1":5,"2":5,"3":5,"4":5},"b":{"0":[1,4],"1":[1,4],"2":[4,1]},"meta":{"lastBranch":3,"lastFunction":5,"lastStatement":9,"seen":{"f:4:16:4:30":0,"s:5:2:16:Infinity":0,"f:19:16:19:37":1,"s:20:2:34:Infinity":1,"f:37:16:37:31":2,"s:38:2:44:Infinity":2,"f:47:16:47:32":3,"b:48:2:48:Infinity:undefined:undefined:undefined:undefined":0,"s:48:2:48:Infinity":3,"s:48:13:48:Infinity":4,"s:50:2:57:Infinity":5,"f:60:16:60:31":4,"b:61:2:61:Infinity:undefined:undefined:undefined:undefined":1,"s:61:2:61:Infinity":6,"s:61:13:61:Infinity":7,"s:63:2:74:Infinity":8,"b:64:8:64:22:64:26:64:33":2}}}
,"C:\\Projetos\\unifor\\cloud-order\\server\\src\\modules\\presentation\\http\\controllers\\customer.controller.js": {"path":"C:\\Projetos\\unifor\\cloud-order\\server\\src\\modules\\presentation\\http\\controllers\\customer.controller.js","statementMap":{"0":{"start":{"line":10,"column":11},"end":{"line":28,"column":3}},"1":{"start":{"line":30,"column":12},"end":{"line":53,"column":3}},"2":{"start":{"line":56,"column":15},"end":{"line":84,"column":3}},"3":{"start":{"line":86,"column":11},"end":{"line":105,"column":3}},"4":{"start":{"line":107,"column":11},"end":{"line":123,"column":3}},"5":{"start":{"line":125,"column":18},"end":{"line":142,"column":3}},"6":{"start":{"line":144,"column":18},"end":{"line":161,"column":3}},"7":{"start":{"line":163,"column":18},"end":{"line":180,"column":3}},"8":{"start":{"line":7,"column":4},"end":{"line":7,"column":null}},"9":{"start":{"line":11,"column":4},"end":{"line":27,"column":null}},"10":{"start":{"line":12,"column":37},"end":{"line":12,"column":45}},"11":{"start":{"line":13,"column":6},"end":{"line":13,"column":null}},"12":{"start":{"line":15,"column":23},"end":{"line":15,"column":88}},"13":{"start":{"line":16,"column":22},"end":{"line":16,"column":47}},"14":{"start":{"line":17,"column":6},"end":{"line":17,"column":null}},"15":{"start":{"line":19,"column":6},"end":{"line":19,"column":null}},"16":{"start":{"line":21,"column":6},"end":{"line":24,"column":null}},"17":{"start":{"line":22,"column":8},"end":{"line":22,"column":null}},"18":{"start":{"line":23,"column":8},"end":{"line":23,"column":null}},"19":{"start":{"line":25,"column":6},"end":{"line":25,"column":null}},"20":{"start":{"line":26,"column":6},"end":{"line":26,"column":null}},"21":{"start":{"line":31,"column":4},"end":{"line":52,"column":null}},"22":{"start":{"line":32,"column":21},"end":{"line":32,"column":31}},"23":{"start":{"line":33,"column":6},"end":{"line":33,"column":null}},"24":{"start":{"line":35,"column":23},"end":{"line":35,"column":69}},"25":{"start":{"line":36,"column":6},"end":{"line":39,"column":null}},"26":{"start":{"line":37,"column":8},"end":{"line":37,"column":null}},"27":{"start":{"line":38,"column":8},"end":{"line":38,"column":null}},"28":{"start":{"line":41,"column":22},"end":{"line":41,"column":47}},"29":{"start":{"line":42,"column":6},"end":{"line":42,"column":null}},"30":{"start":{"line":44,"column":6},"end":{"line":44,"column":null}},"31":{"start":{"line":46,"column":6},"end":{"line":49,"column":null}},"32":{"start":{"line":47,"column":8},"end":{"line":47,"column":null}},"33":{"start":{"line":48,"column":8},"end":{"line":48,"column":null}},"34":{"start":{"line":50,"column":6},"end":{"line":50,"column":null}},"35":{"start":{"line":51,"column":6},"end":{"line":51,"column":null}},"36":{"start":{"line":57,"column":4},"end":{"line":83,"column":null}},"37":{"start":{"line":58,"column":20},"end":{"line":58,"column":36}},"38":{"start":{"line":59,"column":6},"end":{"line":59,"column":null}},"39":{"start":{"line":61,"column":6},"end":{"line":64,"column":null}},"40":{"start":{"line":62,"column":8},"end":{"line":62,"column":null}},"41":{"start":{"line":63,"column":8},"end":{"line":63,"column":null}},"42":{"start":{"line":66,"column":23},"end":{"line":66,"column":75}},"43":{"start":{"line":67,"column":6},"end":{"line":70,"column":null}},"44":{"start":{"line":68,"column":8},"end":{"line":68,"column":null}},"45":{"start":{"line":69,"column":8},"end":{"line":69,"column":null}},"46":{"start":{"line":72,"column":22},"end":{"line":72,"column":47}},"47":{"start":{"line":73,"column":6},"end":{"line":73,"column":null}},"48":{"start":{"line":75,"column":6},"end":{"line":75,"column":null}},"49":{"start":{"line":77,"column":6},"end":{"line":80,"column":null}},"50":{"start":{"line":78,"column":8},"end":{"line":78,"column":null}},"51":{"start":{"line":79,"column":8},"end":{"line":79,"column":null}},"52":{"start":{"line":81,"column":6},"end":{"line":81,"column":null}},"53":{"start":{"line":82,"column":6},"end":{"line":82,"column":null}},"54":{"start":{"line":87,"column":4},"end":{"line":104,"column":null}},"55":{"start":{"line":88,"column":21},"end":{"line":88,"column":31}},"56":{"start":{"line":89,"column":37},"end":{"line":89,"column":45}},"57":{"start":{"line":90,"column":6},"end":{"line":90,"column":null}},"58":{"start":{"line":92,"column":30},"end":{"line":92,"column":99}},"59":{"start":{"line":93,"column":22},"end":{"line":93,"column":54}},"60":{"start":{"line":94,"column":6},"end":{"line":94,"column":null}},"61":{"start":{"line":96,"column":6},"end":{"line":96,"column":null}},"62":{"start":{"line":98,"column":6},"end":{"line":101,"column":null}},"63":{"start":{"line":99,"column":8},"end":{"line":99,"column":null}},"64":{"start":{"line":100,"column":8},"end":{"line":100,"column":null}},"65":{"start":{"line":102,"column":6},"end":{"line":102,"column":null}},"66":{"start":{"line":103,"column":6},"end":{"line":103,"column":null}},"67":{"start":{"line":108,"column":4},"end":{"line":122,"column":null}},"68":{"start":{"line":109,"column":21},"end":{"line":109,"column":31}},"69":{"start":{"line":110,"column":6},"end":{"line":110,"column":null}},"70":{"start":{"line":112,"column":6},"end":{"line":112,"column":null}},"71":{"start":{"line":113,"column":6},"end":{"line":113,"column":null}},"72":{"start":{"line":114,"column":6},"end":{"line":114,"column":null}},"73":{"start":{"line":116,"column":6},"end":{"line":119,"column":null}},"74":{"start":{"line":117,"column":8},"end":{"line":117,"column":null}},"75":{"start":{"line":118,"column":8},"end":{"line":118,"column":null}},"76":{"start":{"line":120,"column":6},"end":{"line":120,"column":null}},"77":{"start":{"line":121,"column":6},"end":{"line":121,"column":null}},"78":{"start":{"line":126,"column":4},"end":{"line":141,"column":null}},"79":{"start":{"line":127,"column":21},"end":{"line":127,"column":31}},"80":{"start":{"line":128,"column":6},"end":{"line":128,"column":null}},"81":{"start":{"line":130,"column":22},"end":{"line":130,"column":76}},"82":{"start":{"line":131,"column":6},"end":{"line":131,"column":null}},"83":{"start":{"line":132,"column":6},"end":{"line":132,"column":null}},"84":{"start":{"line":134,"column":6},"end":{"line":138,"column":null}},"85":{"start":{"line":135,"column":8},"end":{"line":135,"column":null}},"86":{"start":{"line":136,"column":27},"end":{"line":136,"column":81}},"87":{"start":{"line":137,"column":8},"end":{"line":137,"column":null}},"88":{"start":{"line":139,"column":6},"end":{"line":139,"column":null}},"89":{"start":{"line":140,"column":6},"end":{"line":140,"column":null}},"90":{"start":{"line":145,"column":4},"end":{"line":160,"column":null}},"91":{"start":{"line":146,"column":32},"end":{"line":146,"column":42}},"92":{"start":{"line":147,"column":6},"end":{"line":147,"column":null}},"93":{"start":{"line":149,"column":22},"end":{"line":149,"column":87}},"94":{"start":{"line":150,"column":6},"end":{"line":150,"column":null}},"95":{"start":{"line":151,"column":6},"end":{"line":151,"column":null}},"96":{"start":{"line":153,"column":6},"end":{"line":157,"column":null}},"97":{"start":{"line":154,"column":8},"end":{"line":154,"column":null}},"98":{"start":{"line":155,"column":27},"end":{"line":155,"column":128}},"99":{"start":{"line":156,"column":8},"end":{"line":156,"column":null}},"100":{"start":{"line":158,"column":6},"end":{"line":158,"column":null}},"101":{"start":{"line":159,"column":6},"end":{"line":159,"column":null}},"102":{"start":{"line":164,"column":4},"end":{"line":179,"column":null}},"103":{"start":{"line":165,"column":32},"end":{"line":165,"column":42}},"104":{"start":{"line":166,"column":6},"end":{"line":166,"column":null}},"105":{"start":{"line":168,"column":6},"end":{"line":168,"column":null}},"106":{"start":{"line":169,"column":6},"end":{"line":169,"column":null}},"107":{"start":{"line":170,"column":6},"end":{"line":170,"column":null}},"108":{"start":{"line":172,"column":6},"end":{"line":176,"column":null}},"109":{"start":{"line":173,"column":8},"end":{"line":173,"column":null}},"110":{"start":{"line":174,"column":27},"end":{"line":174,"column":128}},"111":{"start":{"line":175,"column":8},"end":{"line":175,"column":null}},"112":{"start":{"line":177,"column":6},"end":{"line":177,"column":null}},"113":{"start":{"line":178,"column":6},"end":{"line":178,"column":null}}},"fnMap":{"0":{"name":"(anonymous_0)","decl":{"start":{"line":6,"column":2},"end":{"line":6,"column":13}},"loc":{"start":{"line":6,"column":31},"end":{"line":8,"column":null}},"line":6},"1":{"name":"(anonymous_1)","decl":{"start":{"line":10,"column":11},"end":{"line":10,"column":16}},"loc":{"start":{"line":10,"column":31},"end":{"line":28,"column":3}},"line":10},"2":{"name":"(anonymous_2)","decl":{"start":{"line":30,"column":12},"end":{"line":30,"column":17}},"loc":{"start":{"line":30,"column":32},"end":{"line":53,"column":3}},"line":30},"3":{"name":"(anonymous_3)","decl":{"start":{"line":56,"column":15},"end":{"line":56,"column":20}},"loc":{"start":{"line":56,"column":35},"end":{"line":84,"column":3}},"line":56},"4":{"name":"(anonymous_4)","decl":{"start":{"line":86,"column":11},"end":{"line":86,"column":16}},"loc":{"start":{"line":86,"column":31},"end":{"line":105,"column":3}},"line":86},"5":{"name":"(anonymous_5)","decl":{"start":{"line":107,"column":11},"end":{"line":107,"column":16}},"loc":{"start":{"line":107,"column":31},"end":{"line":123,"column":3}},"line":107},"6":{"name":"(anonymous_6)","decl":{"start":{"line":125,"column":18},"end":{"line":125,"column":23}},"loc":{"start":{"line":125,"column":38},"end":{"line":142,"column":3}},"line":125},"7":{"name":"(anonymous_7)","decl":{"start":{"line":144,"column":18},"end":{"line":144,"column":23}},"loc":{"start":{"line":144,"column":38},"end":{"line":161,"column":3}},"line":144},"8":{"name":"(anonymous_8)","decl":{"start":{"line":163,"column":18},"end":{"line":163,"column":23}},"loc":{"start":{"line":163,"column":38},"end":{"line":180,"column":3}},"line":163}},"branchMap":{"0":{"loc":{"start":{"line":21,"column":6},"end":{"line":24,"column":null}},"type":"if","locations":[{"start":{"line":21,"column":6},"end":{"line":24,"column":null}},{"start":{},"end":{}}],"line":21},"1":{"loc":{"start":{"line":36,"column":6},"end":{"line":39,"column":null}},"type":"if","locations":[{"start":{"line":36,"column":6},"end":{"line":39,"column":null}},{"start":{},"end":{}}],"line":36},"2":{"loc":{"start":{"line":46,"column":6},"end":{"line":49,"column":null}},"type":"if","locations":[{"start":{"line":46,"column":6},"end":{"line":49,"column":null}},{"start":{},"end":{}}],"line":46},"3":{"loc":{"start":{"line":61,"column":6},"end":{"line":64,"column":null}},"type":"if","locations":[{"start":{"line":61,"column":6},"end":{"line":64,"column":null}},{"start":{},"end":{}}],"line":61},"4":{"loc":{"start":{"line":67,"column":6},"end":{"line":70,"column":null}},"type":"if","locations":[{"start":{"line":67,"column":6},"end":{"line":70,"column":null}},{"start":{},"end":{}}],"line":67},"5":{"loc":{"start":{"line":77,"column":6},"end":{"line":80,"column":null}},"type":"if","locations":[{"start":{"line":77,"column":6},"end":{"line":80,"column":null}},{"start":{},"end":{}}],"line":77},"6":{"loc":{"start":{"line":98,"column":6},"end":{"line":101,"column":null}},"type":"if","locations":[{"start":{"line":98,"column":6},"end":{"line":101,"column":null}},{"start":{},"end":{}}],"line":98},"7":{"loc":{"start":{"line":116,"column":6},"end":{"line":119,"column":null}},"type":"if","locations":[{"start":{"line":116,"column":6},"end":{"line":119,"column":null}},{"start":{},"end":{}}],"line":116},"8":{"loc":{"start":{"line":134,"column":6},"end":{"line":138,"column":null}},"type":"if","locations":[{"start":{"line":134,"column":6},"end":{"line":138,"column":null}},{"start":{},"end":{}}],"line":134},"9":{"loc":{"start":{"line":136,"column":27},"end":{"line":136,"column":81}},"type":"cond-expr","locations":[{"start":{"line":136,"column":72},"end":{"line":136,"column":75}},{"start":{"line":136,"column":78},"end":{"line":136,"column":81}}],"line":136},"10":{"loc":{"start":{"line":153,"column":6},"end":{"line":157,"column":null}},"type":"if","locations":[{"start":{"line":153,"column":6},"end":{"line":157,"column":null}},{"start":{},"end":{}}],"line":153},"11":{"loc":{"start":{"line":155,"column":27},"end":{"line":155,"column":128}},"type":"cond-expr","locations":[{"start":{"line":155,"column":119},"end":{"line":155,"column":122}},{"start":{"line":155,"column":125},"end":{"line":155,"column":128}}],"line":155},"12":{"loc":{"start":{"line":155,"column":27},"end":{"line":155,"column":116}},"type":"binary-expr","locations":[{"start":{"line":155,"column":27},"end":{"line":155,"column":69}},{"start":{"line":155,"column":73},"end":{"line":155,"column":116}}],"line":155},"13":{"loc":{"start":{"line":172,"column":6},"end":{"line":176,"column":null}},"type":"if","locations":[{"start":{"line":172,"column":6},"end":{"line":176,"column":null}},{"start":{},"end":{}}],"line":172},"14":{"loc":{"start":{"line":174,"column":27},"end":{"line":174,"column":128}},"type":"cond-expr","locations":[{"start":{"line":174,"column":119},"end":{"line":174,"column":122}},{"start":{"line":174,"column":125},"end":{"line":174,"column":128}}],"line":174},"15":{"loc":{"start":{"line":174,"column":27},"end":{"line":174,"column":116}},"type":"binary-expr","locations":[{"start":{"line":174,"column":27},"end":{"line":174,"column":69}},{"start":{"line":174,"column":73},"end":{"line":174,"column":116}}],"line":174}},"s":{"0":1,"1":2,"2":0,"3":0,"4":0,"5":0,"6":0,"7":0,"8":3,"9":1,"10":1,"11":1,"12":1,"13":1,"14":1,"15":1,"16":0,"17":0,"18":0,"19":0,"20":0,"21":2,"22":2,"23":2,"24":2,"25":2,"26":1,"27":1,"28":1,"29":1,"30":1,"31":0,"32":0,"33":0,"34":0,"35":0,"36":0,"37":0,"38":0,"39":0,"40":0,"41":0,"42":0,"43":0,"44":0,"45":0,"46":0,"47":0,"48":0,"49":0,"50":0,"51":0,"52":0,"53":0,"54":0,"55":0,"56":0,"57":0,"58":0,"59":0,"60":0,"61":0,"62":0,"63":0,"64":0,"65":0,"66":0,"67":0,"68":0,"69":0,"70":0,"71":0,"72":0,"73":0,"74":0,"75":0,"76":0,"77":0,"78":0,"79":0,"80":0,"81":0,"82":0,"83":0,"84":0,"85":0,"86":0,"87":0,"88":0,"89":0,"90":0,"91":0,"92":0,"93":0,"94":0,"95":0,"96":0,"97":0,"98":0,"99":0,"100":0,"101":0,"102":0,"103":0,"104":0,"105":0,"106":0,"107":0,"108":0,"109":0,"110":0,"111":0,"112":0,"113":0},"f":{"0":3,"1":1,"2":2,"3":0,"4":0,"5":0,"6":0,"7":0,"8":0},"b":{"0":[0,0],"1":[1,1],"2":[0,0],"3":[0,0],"4":[0,0],"5":[0,0],"6":[0,0],"7":[0,0],"8":[0,0],"9":[0,0],"10":[0,0],"11":[0,0],"12":[0,0],"13":[0,0],"14":[0,0],"15":[0,0]},"meta":{"lastBranch":16,"lastFunction":9,"lastStatement":114,"seen":{"s:10:11:28:3":0,"s:30:12:53:3":1,"s:56:15:84:3":2,"s:86:11:105:3":3,"s:107:11:123:3":4,"s:125:18:142:3":5,"s:144:18:161:3":6,"s:163:18:180:3":7,"f:6:2:6:13":0,"s:7:4:7:Infinity":8,"f:10:11:10:16":1,"s:11:4:27:Infinity":9,"s:12:37:12:45":10,"s:13:6:13:Infinity":11,"s:15:23:15:88":12,"s:16:22:16:47":13,"s:17:6:17:Infinity":14,"s:19:6:19:Infinity":15,"b:21:6:24:Infinity:undefined:undefined:undefined:undefined":0,"s:21:6:24:Infinity":16,"s:22:8:22:Infinity":17,"s:23:8:23:Infinity":18,"s:25:6:25:Infinity":19,"s:26:6:26:Infinity":20,"f:30:12:30:17":2,"s:31:4:52:Infinity":21,"s:32:21:32:31":22,"s:33:6:33:Infinity":23,"s:35:23:35:69":24,"b:36:6:39:Infinity:undefined:undefined:undefined:undefined":1,"s:36:6:39:Infinity":25,"s:37:8:37:Infinity":26,"s:38:8:38:Infinity":27,"s:41:22:41:47":28,"s:42:6:42:Infinity":29,"s:44:6:44:Infinity":30,"b:46:6:49:Infinity:undefined:undefined:undefined:undefined":2,"s:46:6:49:Infinity":31,"s:47:8:47:Infinity":32,"s:48:8:48:Infinity":33,"s:50:6:50:Infinity":34,"s:51:6:51:Infinity":35,"f:56:15:56:20":3,"s:57:4:83:Infinity":36,"s:58:20:58:36":37,"s:59:6:59:Infinity":38,"b:61:6:64:Infinity:undefined:undefined:undefined:undefined":3,"s:61:6:64:Infinity":39,"s:62:8:62:Infinity":40,"s:63:8:63:Infinity":41,"s:66:23:66:75":42,"b:67:6:70:Infinity:undefined:undefined:undefined:undefined":4,"s:67:6:70:Infinity":43,"s:68:8:68:Infinity":44,"s:69:8:69:Infinity":45,"s:72:22:72:47":46,"s:73:6:73:Infinity":47,"s:75:6:75:Infinity":48,"b:77:6:80:Infinity:undefined:undefined:undefined:undefined":5,"s:77:6:80:Infinity":49,"s:78:8:78:Infinity":50,"s:79:8:79:Infinity":51,"s:81:6:81:Infinity":52,"s:82:6:82:Infinity":53,"f:86:11:86:16":4,"s:87:4:104:Infinity":54,"s:88:21:88:31":55,"s:89:37:89:45":56,"s:90:6:90:Infinity":57,"s:92:30:92:99":58,"s:93:22:93:54":59,"s:94:6:94:Infinity":60,"s:96:6:96:Infinity":61,"b:98:6:101:Infinity:undefined:undefined:undefined:undefined":6,"s:98:6:101:Infinity":62,"s:99:8:99:Infinity":63,"s:100:8:100:Infinity":64,"s:102:6:102:Infinity":65,"s:103:6:103:Infinity":66,"f:107:11:107:16":5,"s:108:4:122:Infinity":67,"s:109:21:109:31":68,"s:110:6:110:Infinity":69,"s:112:6:112:Infinity":70,"s:113:6:113:Infinity":71,"s:114:6:114:Infinity":72,"b:116:6:119:Infinity:undefined:undefined:undefined:undefined":7,"s:116:6:119:Infinity":73,"s:117:8:117:Infinity":74,"s:118:8:118:Infinity":75,"s:120:6:120:Infinity":76,"s:121:6:121:Infinity":77,"f:125:18:125:23":6,"s:126:4:141:Infinity":78,"s:127:21:127:31":79,"s:128:6:128:Infinity":80,"s:130:22:130:76":81,"s:131:6:131:Infinity":82,"s:132:6:132:Infinity":83,"b:134:6:138:Infinity:undefined:undefined:undefined:undefined":8,"s:134:6:138:Infinity":84,"s:135:8:135:Infinity":85,"s:136:27:136:81":86,"b:136:72:136:75:136:78:136:81":9,"s:137:8:137:Infinity":87,"s:139:6:139:Infinity":88,"s:140:6:140:Infinity":89,"f:144:18:144:23":7,"s:145:4:160:Infinity":90,"s:146:32:146:42":91,"s:147:6:147:Infinity":92,"s:149:22:149:87":93,"s:150:6:150:Infinity":94,"s:151:6:151:Infinity":95,"b:153:6:157:Infinity:undefined:undefined:undefined:undefined":10,"s:153:6:157:Infinity":96,"s:154:8:154:Infinity":97,"s:155:27:155:128":98,"b:155:119:155:122:155:125:155:128":11,"b:155:27:155:69:155:73:155:116":12,"s:156:8:156:Infinity":99,"s:158:6:158:Infinity":100,"s:159:6:159:Infinity":101,"f:163:18:163:23":8,"s:164:4:179:Infinity":102,"s:165:32:165:42":103,"s:166:6:166:Infinity":104,"s:168:6:168:Infinity":105,"s:169:6:169:Infinity":106,"s:170:6:170:Infinity":107,"b:172:6:176:Infinity:undefined:undefined:undefined:undefined":13,"s:172:6:176:Infinity":108,"s:173:8:173:Infinity":109,"s:174:27:174:128":110,"b:174:119:174:122:174:125:174:128":14,"b:174:27:174:69:174:73:174:116":15,"s:175:8:175:Infinity":111,"s:177:6:177:Infinity":112,"s:178:6:178:Infinity":113}}}
,"C:\\Projetos\\unifor\\cloud-order\\server\\src\\modules\\presentation\\http\\presenters\\customer.presenter.js": {"path":"C:\\Projetos\\unifor\\cloud-order\\server\\src\\modules\\presentation\\http\\presenters\\customer.presenter.js","statementMap":{"0":{"start":{"line":2,"column":2},"end":{"line":13,"column":null}},"1":{"start":{"line":17,"column":2},"end":{"line":24,"column":null}}},"fnMap":{"0":{"name":"toHttpAddress","decl":{"start":{"line":1,"column":16},"end":{"line":1,"column":29}},"loc":{"start":{"line":1,"column":39},"end":{"line":14,"column":null}},"line":1},"1":{"name":"toHttpCustomer","decl":{"start":{"line":16,"column":16},"end":{"line":16,"column":30}},"loc":{"start":{"line":16,"column":41},"end":{"line":25,"column":null}},"line":16}},"branchMap":{"0":{"loc":{"start":{"line":9,"column":16},"end":{"line":9,"column":110}},"type":"cond-expr","locations":[{"start":{"line":9,"column":57},"end":{"line":9,"column":75}},{"start":{"line":9,"column":78},"end":{"line":9,"column":110}}],"line":9},"1":{"loc":{"start":{"line":20,"column":11},"end":{"line":20,"column":93}},"type":"cond-expr","locations":[{"start":{"line":20,"column":48},"end":{"line":20,"column":62}},{"start":{"line":20,"column":65},"end":{"line":20,"column":93}}],"line":20},"2":{"loc":{"start":{"line":21,"column":11},"end":{"line":21,"column":93}},"type":"cond-expr","locations":[{"start":{"line":21,"column":48},"end":{"line":21,"column":62}},{"start":{"line":21,"column":65},"end":{"line":21,"column":93}}],"line":21},"3":{"loc":{"start":{"line":23,"column":16},"end":{"line":23,"column":40}},"type":"binary-expr","locations":[{"start":{"line":23,"column":16},"end":{"line":23,"column":34}},{"start":{"line":23,"column":38},"end":{"line":23,"column":40}}],"line":23}},"s":{"0":0,"1":2},"f":{"0":0,"1":2},"b":{"0":[0,0],"1":[2,0],"2":[2,0],"3":[2,0]},"meta":{"lastBranch":4,"lastFunction":2,"lastStatement":2,"seen":{"f:1:16:1:29":0,"s:2:2:13:Infinity":0,"b:9:57:9:75:9:78:9:110":0,"f:16:16:16:30":1,"s:17:2:24:Infinity":1,"b:20:48:20:62:20:65:20:93":1,"b:21:48:21:62:21:65:21:93":2,"b:23:16:23:34:23:38:23:40":3}}}
,"C:\\Projetos\\unifor\\cloud-order\\server\\src\\modules\\presentation\\http\\routes\\customers.routes.js": {"path":"C:\\Projetos\\unifor\\cloud-order\\server\\src\\modules\\presentation\\http\\routes\\customers.routes.js","statementMap":{"0":{"start":{"line":4,"column":16},"end":{"line":4,"column":25}},"1":{"start":{"line":6,"column":2},"end":{"line":6,"column":null}},"2":{"start":{"line":7,"column":2},"end":{"line":7,"column":null}},"3":{"start":{"line":8,"column":2},"end":{"line":8,"column":null}},"4":{"start":{"line":9,"column":2},"end":{"line":9,"column":null}},"5":{"start":{"line":10,"column":2},"end":{"line":10,"column":null}},"6":{"start":{"line":12,"column":2},"end":{"line":12,"column":null}},"7":{"start":{"line":13,"column":2},"end":{"line":13,"column":null}},"8":{"start":{"line":14,"column":2},"end":{"line":14,"column":null}},"9":{"start":{"line":16,"column":2},"end":{"line":16,"column":null}}},"fnMap":{"0":{"name":"createCustomersRouter","decl":{"start":{"line":3,"column":16},"end":{"line":3,"column":37}},"loc":{"start":{"line":3,"column":58},"end":{"line":17,"column":null}},"line":3}},"branchMap":{},"s":{"0":3,"1":3,"2":3,"3":3,"4":3,"5":3,"6":3,"7":3,"8":3,"9":3},"f":{"0":3},"b":{},"meta":{"lastBranch":0,"lastFunction":1,"lastStatement":10,"seen":{"f:3:16:3:37":0,"s:4:16:4:25":0,"s:6:2:6:Infinity":1,"s:7:2:7:Infinity":2,"s:8:2:8:Infinity":3,"s:9:2:9:Infinity":4,"s:10:2:10:Infinity":5,"s:12:2:12:Infinity":6,"s:13:2:13:Infinity":7,"s:14:2:14:Infinity":8,"s:16:2:16:Infinity":9}}}
,"C:\\Projetos\\unifor\\cloud-order\\server\\src\\modules\\presentation\\http\\routes\\index.js": {"path":"C:\\Projetos\\unifor\\cloud-order\\server\\src\\modules\\presentation\\http\\routes\\index.js","statementMap":{"0":{"start":{"line":5,"column":16},"end":{"line":5,"column":25}},"1":{"start":{"line":7,"column":2},"end":{"line":9,"column":null}},"2":{"start":{"line":8,"column":4},"end":{"line":8,"column":null}},"3":{"start":{"line":11,"column":2},"end":{"line":11,"column":null}},"4":{"start":{"line":13,"column":2},"end":{"line":13,"column":null}}},"fnMap":{"0":{"name":"createHttpRoutes","decl":{"start":{"line":4,"column":16},"end":{"line":4,"column":32}},"loc":{"start":{"line":4,"column":57},"end":{"line":14,"column":null}},"line":4},"1":{"name":"(anonymous_1)","decl":{"start":{"line":7,"column":18},"end":{"line":7,"column":19}},"loc":{"start":{"line":7,"column":32},"end":{"line":9,"column":3}},"line":7}},"branchMap":{},"s":{"0":3,"1":3,"2":0,"3":3,"4":3},"f":{"0":3,"1":0},"b":{},"meta":{"lastBranch":0,"lastFunction":2,"lastStatement":5,"seen":{"f:4:16:4:32":0,"s:5:16:5:25":0,"s:7:2:9:Infinity":1,"f:7:18:7:19":1,"s:8:4:8:Infinity":2,"s:11:2:11:Infinity":3,"s:13:2:13:Infinity":4}}}
,"C:\\Projetos\\unifor\\cloud-order\\server\\src\\modules\\shared\\logger\\console-logger.js": {"path":"C:\\Projetos\\unifor\\cloud-order\\server\\src\\modules\\shared\\logger\\console-logger.js","statementMap":{"0":{"start":{"line":1,"column":13},"end":{"line":10,"column":null}},"1":{"start":{"line":12,"column":21},"end":{"line":17,"column":null}},"2":{"start":{"line":19,"column":23},"end":{"line":25,"column":null}},"3":{"start":{"line":28,"column":2},"end":{"line":28,"column":null}},"4":{"start":{"line":32,"column":2},"end":{"line":34,"column":null}},"5":{"start":{"line":33,"column":4},"end":{"line":33,"column":null}},"6":{"start":{"line":36,"column":13},"end":{"line":36,"column":null}},"7":{"start":{"line":37,"column":21},"end":{"line":37,"column":null}},"8":{"start":{"line":38,"column":23},"end":{"line":38,"column":null}},"9":{"start":{"line":39,"column":21},"end":{"line":39,"column":null}},"10":{"start":{"line":40,"column":23},"end":{"line":40,"column":null}},"11":{"start":{"line":42,"column":2},"end":{"line":45,"column":null}},"12":{"start":{"line":43,"column":4},"end":{"line":43,"column":null}},"13":{"start":{"line":44,"column":4},"end":{"line":44,"column":null}},"14":{"start":{"line":47,"column":2},"end":{"line":47,"column":null}},"15":{"start":{"line":50,"column":22},"end":{"line":63,"column":null}},"16":{"start":{"line":52,"column":4},"end":{"line":52,"column":null}},"17":{"start":{"line":55,"column":4},"end":{"line":55,"column":null}},"18":{"start":{"line":58,"column":4},"end":{"line":58,"column":null}},"19":{"start":{"line":61,"column":4},"end":{"line":61,"column":null}}},"fnMap":{"0":{"name":"colorize","decl":{"start":{"line":27,"column":9},"end":{"line":27,"column":18}},"loc":{"start":{"line":27,"column":31},"end":{"line":29,"column":null}},"line":27},"1":{"name":"writeLog","decl":{"start":{"line":31,"column":9},"end":{"line":31,"column":18}},"loc":{"start":{"line":31,"column":49},"end":{"line":48,"column":null}},"line":31},"2":{"name":"(anonymous_2)","decl":{"start":{"line":51,"column":2},"end":{"line":51,"column":7}},"loc":{"start":{"line":51,"column":31},"end":{"line":53,"column":null}},"line":51},"3":{"name":"(anonymous_3)","decl":{"start":{"line":54,"column":2},"end":{"line":54,"column":7}},"loc":{"start":{"line":54,"column":31},"end":{"line":56,"column":null}},"line":54},"4":{"name":"(anonymous_4)","decl":{"start":{"line":57,"column":2},"end":{"line":57,"column":8}},"loc":{"start":{"line":57,"column":32},"end":{"line":59,"column":null}},"line":57},"5":{"name":"(anonymous_5)","decl":{"start":{"line":60,"column":2},"end":{"line":60,"column":8}},"loc":{"start":{"line":60,"column":32},"end":{"line":62,"column":null}},"line":60}},"branchMap":{"0":{"loc":{"start":{"line":32,"column":2},"end":{"line":34,"column":null}},"type":"if","locations":[{"start":{"line":32,"column":2},"end":{"line":34,"column":null}},{"start":{},"end":{}}],"line":32},"1":{"loc":{"start":{"line":32,"column":6},"end":{"line":32,"column":60}},"type":"binary-expr","locations":[{"start":{"line":32,"column":6},"end":{"line":32,"column":41}},{"start":{"line":32,"column":41},"end":{"line":32,"column":60}}],"line":32},"2":{"loc":{"start":{"line":37,"column":21},"end":{"line":37,"column":null}},"type":"binary-expr","locations":[{"start":{"line":37,"column":21},"end":{"line":37,"column":44}},{"start":{"line":37,"column":44},"end":{"line":37,"column":null}}],"line":37},"3":{"loc":{"start":{"line":38,"column":23},"end":{"line":38,"column":null}},"type":"binary-expr","locations":[{"start":{"line":38,"column":23},"end":{"line":38,"column":50}},{"start":{"line":38,"column":50},"end":{"line":38,"column":null}}],"line":38},"4":{"loc":{"start":{"line":42,"column":2},"end":{"line":45,"column":null}},"type":"if","locations":[{"start":{"line":42,"column":2},"end":{"line":45,"column":null}},{"start":{},"end":{}}],"line":42}},"s":{"0":7,"1":7,"2":7,"3":39,"4":39,"5":26,"6":13,"7":13,"8":39,"9":39,"10":39,"11":39,"12":11,"13":11,"14":2,"15":7,"16":6,"17":2,"18":5,"19":26},"f":{"0":39,"1":39,"2":6,"3":2,"4":5,"5":26},"b":{"0":[26,13],"1":[39,36],"2":[13,0],"3":[39,10],"4":[11,28]},"meta":{"lastBranch":5,"lastFunction":6,"lastStatement":20,"seen":{"s:1:13:10:Infinity":0,"s:12:21:17:Infinity":1,"s:19:23:25:Infinity":2,"f:27:9:27:18":0,"s:28:2:28:Infinity":3,"f:31:9:31:18":1,"b:32:2:34:Infinity:undefined:undefined:undefined:undefined":0,"s:32:2:34:Infinity":4,"b:32:6:32:41:32:41:32:60":1,"s:33:4:33:Infinity":5,"s:36:13:36:Infinity":6,"s:37:21:37:Infinity":7,"b:37:21:37:44:37:44:37:Infinity":2,"s:38:23:38:Infinity":8,"b:38:23:38:50:38:50:38:Infinity":3,"s:39:21:39:Infinity":9,"s:40:23:40:Infinity":10,"b:42:2:45:Infinity:undefined:undefined:undefined:undefined":4,"s:42:2:45:Infinity":11,"s:43:4:43:Infinity":12,"s:44:4:44:Infinity":13,"s:47:2:47:Infinity":14,"s:50:22:63:Infinity":15,"f:51:2:51:7":2,"s:52:4:52:Infinity":16,"f:54:2:54:7":3,"s:55:4:55:Infinity":17,"f:57:2:57:8":4,"s:58:4:58:Infinity":18,"f:60:2:60:8":5,"s:61:4:61:Infinity":19}}}
}
